Wed Nov 15 14:40:16 2017
 -> FY4A-_AGRI--_N_DISK_1047E_L2-_LPW-_MULT_NOM_20171014_LPW_TPW_combination_day.tif inserted.
Wed Nov 15 14:40:16 2017
 -> FY4A-_AGRI--_N_DISK_1047E_L2-_LPW-_MULT_NOM_20171014_LPW_TPW_combination_day.tif.monsoons.png inserted.
Wed Nov 15 14:44:56 2017
 -> FY4A-_AGRI--_N_DISK_1047E_L2-_OLR-_MULT_NOM_20170924_OLR_combination_day.tif inserted.
Wed Nov 15 14:44:56 2017
 -> FY4A-_AGRI--_N_DISK_1047E_L2-_OLR-_MULT_NOM_20170924_OLR_combination_day.tif.monsoons.png inserted.
Wed Nov 15 14:46:27 2017
 -> FY4A-_AGRI--_N_DISK_1047E_L2-_LPW-_MULT_NOM_20170727_LPW_TPW_combination_day.tif inserted.
Wed Nov 15 14:46:27 2017
 -> FY4A-_AGRI--_N_DISK_1047E_L2-_LPW-_MULT_NOM_20170727_LPW_TPW_combination_day.tif.monsoons.png inserted.
Wed Nov 15 14:48:14 2017
 -> FY4A-_AGRI--_N_DISK_1047E_L2-_LPW-_MULT_NOM_20171013_LPW_TPW_combination_day.tif inserted.
Wed Nov 15 14:48:14 2017
 -> FY4A-_AGRI--_N_DISK_1047E_L2-_LPW-_MULT_NOM_20171013_LPW_TPW_combination_day.tif.monsoons.png inserted.
Wed Nov 15 14:52:03 2017
 -> FY4A-_AGRI--_N_DISK_1047E_L2-_LPW-_MULT_NOM_20171014_LPW_TPW_combination_day.tif inserted.
Wed Nov 15 14:52:03 2017
 -> FY4A-_AGRI--_N_DISK_1047E_L2-_LPW-_MULT_NOM_20171014_LPW_TPW_combination_day.tif.monsoons.png inserted.
Wed Nov 15 14:53:03 2017
 -> FY4A-_AGRI--_N_DISK_1047E_L2-_OLR-_MULT_NOM_20170924_OLR_combination_day.tif inserted.
Wed Nov 15 14:53:03 2017
 -> FY4A-_AGRI--_N_DISK_1047E_L2-_OLR-_MULT_NOM_20170924_OLR_combination_day.tif.monsoons.png inserted.
