Fri Dec  8 18:07:16 2017
 -> fy4a_agri_ndisk_1047_l2_lpw_tpw_tpw_20171115.ave.day.tif.wgs84.tif.monsoons.png inserted.
Fri Dec  8 18:07:16 2017
 -> fy4a_agri_ndisk_1047_l2_lpw_tpw_tpw_20171115.ave.day.tif.wgs84.tif.monsoons.png inserted.
Fri Dec  8 18:19:16 2017
 -> fy4a_agri_ndisk_1047_l2_lpw_tpw_tpw_20171115.ave.day.tif.wgs84.tif.monsoons.png inserted.
Fri Dec  8 18:19:16 2017
 -> fy4a_agri_ndisk_1047_l2_lpw_tpw_tpw_20171115.ave.day.tif.wgs84.tif.monsoons.png inserted.
Fri Dec  8 19:16:14 2017
 -> fy4a_agri_ndisk_1047_l2_lpw_tpw_tpw_20171124.ave.day.tif.wgs84.tif.monsoons.png inserted.
Fri Dec  8 19:16:14 2017
 -> fy4a_agri_ndisk_1047_l2_lpw_tpw_tpw_20171124.ave.day.tif.wgs84.tif.monsoons.png inserted.
Fri Dec  8 19:18:40 2017
 -> fy4a_agri_ndisk_1047_l2_lpw_tpw_tpw_20171205.ave.day.tif.wgs84.tif.monsoons.png inserted.
Fri Dec  8 19:18:40 2017
 -> fy4a_agri_ndisk_1047_l2_lpw_tpw_tpw_20171205.ave.day.tif.wgs84.tif.monsoons.png inserted.
Fri Dec  8 20:06:38 2017
 -> fy4a_agri_ndisk_1047_l2_lpw_tpw_tpw_20171116.ave.fiv.tif.wgs84.tif.monsoons.png inserted.
Fri Dec  8 20:06:38 2017
 -> fy4a_agri_ndisk_1047_l2_lpw_tpw_tpw_20171116.ave.fiv.tif.wgs84.tif.monsoons.png inserted.
Fri Dec  8 20:07:22 2017
 -> fy4a_agri_ndisk_1047_olr_20170924.ave.day.tif.wgs84.tif.monsoons.png inserted.
Fri Dec  8 20:07:22 2017
 -> fy4a_agri_ndisk_1047_olr_20170924.ave.day.tif.wgs84.tif.monsoons.png inserted.
Fri Dec  8 20:08:02 2017
 -> fy4a_agri_ndisk_1047_l3_olr_20171126.ave.fiv.tif.wgs84.tif.monsoons.png inserted.
Fri Dec  8 20:08:02 2017
 -> fy4a_agri_ndisk_1047_l3_olr_20171126.ave.fiv.tif.wgs84.tif.monsoons.png inserted.
Fri Dec  8 20:08:44 2017
 -> fy4a_agri_ndisk_1047_l3_olr_20170801.ave.mon.tif.wgs84.tif.monsoons.png inserted.
Fri Dec  8 20:08:44 2017
 -> fy4a_agri_ndisk_1047_l3_olr_20170801.ave.mon.tif.wgs84.tif.monsoons.png inserted.
Fri Dec  8 20:09:21 2017
 -> fy4a_agri_ndisk_1047_l2_lpw_tpw_tpw_20171119.ave.day.tif.wgs84.tif.monsoons.png inserted.
Fri Dec  8 20:09:21 2017
 -> fy4a_agri_ndisk_1047_l2_lpw_tpw_tpw_20171119.ave.day.tif.wgs84.tif.monsoons.png inserted.
Fri Dec  8 20:18:02 2017
 -> fy4a_agri_ndisk_1047_l2_lpw_tpw_tpw_20171121.ave.fiv.tif.wgs84.tif.monsoons.png inserted.
Fri Dec  8 20:18:02 2017
 -> fy4a_agri_ndisk_1047_l2_lpw_tpw_tpw_20171121.ave.fiv.tif.wgs84.tif.monsoons.png inserted.
Fri Dec  8 20:18:39 2017
 -> fy4a_agri_ndisk_1047_l2_lpw_tpw_tpw_20171201.ave.fiv.tif.wgs84.tif.monsoons.png inserted.
Fri Dec  8 20:18:39 2017
 -> fy4a_agri_ndisk_1047_l2_lpw_tpw_tpw_20171201.ave.fiv.tif.wgs84.tif.monsoons.png inserted.
Fri Dec  8 20:19:23 2017
 -> fy4a_agri_ndisk_1047_olr_20170825.ave.day.tif.wgs84.tif.monsoons.png inserted.
Fri Dec  8 20:19:23 2017
 -> fy4a_agri_ndisk_1047_olr_20170825.ave.day.tif.wgs84.tif.monsoons.png inserted.
Fri Dec  8 20:20:04 2017
 -> fy4a_agri_ndisk_1047_olr_20170816.ave.day.tif.wgs84.tif.monsoons.png inserted.
Fri Dec  8 20:20:04 2017
 -> fy4a_agri_ndisk_1047_olr_20170816.ave.day.tif.wgs84.tif.monsoons.png inserted.
Fri Dec  8 20:20:49 2017
 -> fy4a_agri_ndisk_1047_olr_20171006.ave.day.tif.wgs84.tif.monsoons.png inserted.
Fri Dec  8 20:20:49 2017
 -> fy4a_agri_ndisk_1047_olr_20171006.ave.day.tif.wgs84.tif.monsoons.png inserted.
Fri Dec  8 20:21:29 2017
 -> fy4a_agri_ndisk_1047_olr_20171204.ave.day.tif.wgs84.tif.monsoons.png inserted.
Fri Dec  8 20:21:29 2017
 -> fy4a_agri_ndisk_1047_olr_20171204.ave.day.tif.wgs84.tif.monsoons.png inserted.
Fri Dec  8 20:22:08 2017
 -> fy4a_agri_ndisk_1047_olr_20170928.ave.day.tif.wgs84.tif.monsoons.png inserted.
Fri Dec  8 20:22:08 2017
 -> fy4a_agri_ndisk_1047_olr_20170928.ave.day.tif.wgs84.tif.monsoons.png inserted.
Fri Dec  8 20:22:49 2017
 -> fy4a_agri_ndisk_1047_olr_20170919.ave.day.tif.wgs84.tif.monsoons.png inserted.
Fri Dec  8 20:22:49 2017
 -> fy4a_agri_ndisk_1047_olr_20170919.ave.day.tif.wgs84.tif.monsoons.png inserted.
Fri Dec  8 20:23:33 2017
 -> fy4a_agri_ndisk_1047_olr_20171002.ave.day.tif.wgs84.tif.monsoons.png inserted.
Fri Dec  8 20:23:33 2017
 -> fy4a_agri_ndisk_1047_olr_20171002.ave.day.tif.wgs84.tif.monsoons.png inserted.
Fri Dec  8 20:24:17 2017
 -> fy4a_agri_ndisk_1047_olr_20171011.ave.day.tif.wgs84.tif.monsoons.png inserted.
Fri Dec  8 20:24:17 2017
 -> fy4a_agri_ndisk_1047_olr_20171011.ave.day.tif.wgs84.tif.monsoons.png inserted.
Fri Dec  8 20:24:56 2017
 -> fy4a_agri_ndisk_1047_olr_20171127.ave.day.tif.wgs84.tif.monsoons.png inserted.
Fri Dec  8 20:24:56 2017
 -> fy4a_agri_ndisk_1047_olr_20171127.ave.day.tif.wgs84.tif.monsoons.png inserted.
Fri Dec  8 20:25:38 2017
 -> fy4a_agri_ndisk_1047_olr_20170821.ave.day.tif.wgs84.tif.monsoons.png inserted.
Fri Dec  8 20:25:38 2017
 -> fy4a_agri_ndisk_1047_olr_20170821.ave.day.tif.wgs84.tif.monsoons.png inserted.
Fri Dec  8 20:26:18 2017
 -> fy4a_agri_ndisk_1047_olr_20170920.ave.day.tif.wgs84.tif.monsoons.png inserted.
Fri Dec  8 20:26:18 2017
 -> fy4a_agri_ndisk_1047_olr_20170920.ave.day.tif.wgs84.tif.monsoons.png inserted.
Fri Dec  8 20:26:59 2017
 -> fy4a_agri_ndisk_1047_olr_20170926.ave.day.tif.wgs84.tif.monsoons.png inserted.
Fri Dec  8 20:26:59 2017
 -> fy4a_agri_ndisk_1047_olr_20170926.ave.day.tif.wgs84.tif.monsoons.png inserted.
Fri Dec  8 20:27:43 2017
 -> fy4a_agri_ndisk_1047_olr_20170827.ave.day.tif.wgs84.tif.monsoons.png inserted.
Fri Dec  8 20:27:43 2017
 -> fy4a_agri_ndisk_1047_olr_20170827.ave.day.tif.wgs84.tif.monsoons.png inserted.
Fri Dec  8 20:28:25 2017
 -> fy4a_agri_ndisk_1047_olr_20170818.ave.day.tif.wgs84.tif.monsoons.png inserted.
Fri Dec  8 20:28:25 2017
 -> fy4a_agri_ndisk_1047_olr_20170818.ave.day.tif.wgs84.tif.monsoons.png inserted.
Fri Dec  8 20:29:05 2017
 -> fy4a_agri_ndisk_1047_olr_20171125.ave.day.tif.wgs84.tif.monsoons.png inserted.
Fri Dec  8 20:29:05 2017
 -> fy4a_agri_ndisk_1047_olr_20171125.ave.day.tif.wgs84.tif.monsoons.png inserted.
Fri Dec  8 20:29:44 2017
 -> fy4a_agri_ndisk_1047_olr_20171008.ave.day.tif.wgs84.tif.monsoons.png inserted.
Fri Dec  8 20:29:44 2017
 -> fy4a_agri_ndisk_1047_olr_20171008.ave.day.tif.wgs84.tif.monsoons.png inserted.
Fri Dec  8 20:30:26 2017
 -> fy4a_agri_ndisk_1047_olr_20171202.ave.day.tif.wgs84.tif.monsoons.png inserted.
Fri Dec  8 20:30:26 2017
 -> fy4a_agri_ndisk_1047_olr_20171202.ave.day.tif.wgs84.tif.monsoons.png inserted.
Fri Dec  8 20:31:07 2017
 -> fy4a_agri_ndisk_1047_olr_20171004.ave.day.tif.wgs84.tif.monsoons.png inserted.
Fri Dec  8 20:31:07 2017
 -> fy4a_agri_ndisk_1047_olr_20171004.ave.day.tif.wgs84.tif.monsoons.png inserted.
Fri Dec  8 20:31:10 2017
 -> fy4a_agri_ndisk_1047_olr_20171130.ave.day.tif.wgs84.tif.monsoons.png inserted.
Fri Dec  8 20:31:10 2017
 -> fy4a_agri_ndisk_1047_olr_20171130.ave.day.tif.wgs84.tif.monsoons.png inserted.
Fri Dec  8 20:31:11 2017
 -> fy4a_agri_ndisk_1047_olr_20171129.ave.day.tif.wgs84.tif.monsoons.png inserted.
Fri Dec  8 20:31:11 2017
 -> fy4a_agri_ndisk_1047_olr_20171129.ave.day.tif.wgs84.tif.monsoons.png inserted.
Fri Dec  8 20:33:48 2017
 -> fy4a_agri_ndisk_1047_olr_20170924.ave.day.tif.wgs84.tif.monsoons.png inserted.
Fri Dec  8 20:33:48 2017
 -> fy4a_agri_ndisk_1047_olr_20170924.ave.day.tif.wgs84.tif.monsoons.png inserted.
Fri Dec  8 20:34:27 2017
 -> fy4a_agri_ndisk_1047_olr_20170825.ave.day.tif.wgs84.tif.monsoons.png inserted.
Fri Dec  8 20:34:27 2017
 -> fy4a_agri_ndisk_1047_olr_20170825.ave.day.tif.wgs84.tif.monsoons.png inserted.
Fri Dec  8 20:35:08 2017
 -> fy4a_agri_ndisk_1047_olr_20170816.ave.day.tif.wgs84.tif.monsoons.png inserted.
Fri Dec  8 20:35:08 2017
 -> fy4a_agri_ndisk_1047_olr_20170816.ave.day.tif.wgs84.tif.monsoons.png inserted.
Fri Dec  8 20:35:50 2017
 -> fy4a_agri_ndisk_1047_olr_20171006.ave.day.tif.wgs84.tif.monsoons.png inserted.
Fri Dec  8 20:35:50 2017
 -> fy4a_agri_ndisk_1047_olr_20171006.ave.day.tif.wgs84.tif.monsoons.png inserted.
Fri Dec  8 20:36:32 2017
 -> fy4a_agri_ndisk_1047_olr_20171204.ave.day.tif.wgs84.tif.monsoons.png inserted.
Fri Dec  8 20:36:32 2017
 -> fy4a_agri_ndisk_1047_olr_20171204.ave.day.tif.wgs84.tif.monsoons.png inserted.
Fri Dec  8 20:37:15 2017
 -> fy4a_agri_ndisk_1047_olr_20170928.ave.day.tif.wgs84.tif.monsoons.png inserted.
Fri Dec  8 20:37:15 2017
 -> fy4a_agri_ndisk_1047_olr_20170928.ave.day.tif.wgs84.tif.monsoons.png inserted.
Fri Dec  8 20:37:58 2017
 -> fy4a_agri_ndisk_1047_olr_20170919.ave.day.tif.wgs84.tif.monsoons.png inserted.
Fri Dec  8 20:37:58 2017
 -> fy4a_agri_ndisk_1047_olr_20170919.ave.day.tif.wgs84.tif.monsoons.png inserted.
Fri Dec  8 20:38:36 2017
 -> fy4a_agri_ndisk_1047_olr_20171002.ave.day.tif.wgs84.tif.monsoons.png inserted.
Fri Dec  8 20:38:36 2017
 -> fy4a_agri_ndisk_1047_olr_20171002.ave.day.tif.wgs84.tif.monsoons.png inserted.
Fri Dec  8 20:39:16 2017
 -> fy4a_agri_ndisk_1047_olr_20171011.ave.day.tif.wgs84.tif.monsoons.png inserted.
Fri Dec  8 20:39:16 2017
 -> fy4a_agri_ndisk_1047_olr_20171011.ave.day.tif.wgs84.tif.monsoons.png inserted.
Fri Dec  8 20:39:56 2017
 -> fy4a_agri_ndisk_1047_olr_20171127.ave.day.tif.wgs84.tif.monsoons.png inserted.
Fri Dec  8 20:39:56 2017
 -> fy4a_agri_ndisk_1047_olr_20171127.ave.day.tif.wgs84.tif.monsoons.png inserted.
Fri Dec  8 20:40:39 2017
 -> fy4a_agri_ndisk_1047_olr_20170821.ave.day.tif.wgs84.tif.monsoons.png inserted.
Fri Dec  8 20:40:39 2017
 -> fy4a_agri_ndisk_1047_olr_20170821.ave.day.tif.wgs84.tif.monsoons.png inserted.
Fri Dec  8 20:41:19 2017
 -> fy4a_agri_ndisk_1047_olr_20170920.ave.day.tif.wgs84.tif.monsoons.png inserted.
Fri Dec  8 20:41:19 2017
 -> fy4a_agri_ndisk_1047_olr_20170920.ave.day.tif.wgs84.tif.monsoons.png inserted.
Fri Dec  8 20:41:59 2017
 -> fy4a_agri_ndisk_1047_olr_20170926.ave.day.tif.wgs84.tif.monsoons.png inserted.
Fri Dec  8 20:41:59 2017
 -> fy4a_agri_ndisk_1047_olr_20170926.ave.day.tif.wgs84.tif.monsoons.png inserted.
Fri Dec  8 20:42:41 2017
 -> fy4a_agri_ndisk_1047_olr_20170827.ave.day.tif.wgs84.tif.monsoons.png inserted.
Fri Dec  8 20:42:41 2017
 -> fy4a_agri_ndisk_1047_olr_20170827.ave.day.tif.wgs84.tif.monsoons.png inserted.
Fri Dec  8 20:43:23 2017
 -> fy4a_agri_ndisk_1047_olr_20170818.ave.day.tif.wgs84.tif.monsoons.png inserted.
Fri Dec  8 20:43:23 2017
 -> fy4a_agri_ndisk_1047_olr_20170818.ave.day.tif.wgs84.tif.monsoons.png inserted.
Fri Dec  8 20:44:04 2017
 -> fy4a_agri_ndisk_1047_olr_20171125.ave.day.tif.wgs84.tif.monsoons.png inserted.
Fri Dec  8 20:44:04 2017
 -> fy4a_agri_ndisk_1047_olr_20171125.ave.day.tif.wgs84.tif.monsoons.png inserted.
Fri Dec  8 20:44:49 2017
 -> fy4a_agri_ndisk_1047_olr_20171008.ave.day.tif.wgs84.tif.monsoons.png inserted.
Fri Dec  8 20:44:49 2017
 -> fy4a_agri_ndisk_1047_olr_20171008.ave.day.tif.wgs84.tif.monsoons.png inserted.
Fri Dec  8 20:45:30 2017
 -> fy4a_agri_ndisk_1047_olr_20171202.ave.day.tif.wgs84.tif.monsoons.png inserted.
Fri Dec  8 20:45:30 2017
 -> fy4a_agri_ndisk_1047_olr_20171202.ave.day.tif.wgs84.tif.monsoons.png inserted.
Fri Dec  8 20:46:09 2017
 -> fy4a_agri_ndisk_1047_olr_20171004.ave.day.tif.wgs84.tif.monsoons.png inserted.
Fri Dec  8 20:46:09 2017
 -> fy4a_agri_ndisk_1047_olr_20171004.ave.day.tif.wgs84.tif.monsoons.png inserted.
Fri Dec  8 20:46:52 2017
 -> fy4a_agri_ndisk_1047_olr_20171130.ave.day.tif.wgs84.tif.monsoons.png inserted.
Fri Dec  8 20:46:52 2017
 -> fy4a_agri_ndisk_1047_olr_20171130.ave.day.tif.wgs84.tif.monsoons.png inserted.
Fri Dec  8 20:47:34 2017
 -> fy4a_agri_ndisk_1047_olr_20171129.ave.day.tif.wgs84.tif.monsoons.png inserted.
Fri Dec  8 20:47:34 2017
 -> fy4a_agri_ndisk_1047_olr_20171129.ave.day.tif.wgs84.tif.monsoons.png inserted.
Fri Dec  8 20:48:15 2017
 -> fy4a_agri_ndisk_1047_olr_20170823.ave.day.tif.wgs84.tif.monsoons.png inserted.
Fri Dec  8 20:48:15 2017
 -> fy4a_agri_ndisk_1047_olr_20170823.ave.day.tif.wgs84.tif.monsoons.png inserted.
Fri Dec  8 20:48:54 2017
 -> fy4a_agri_ndisk_1047_olr_20170922.ave.day.tif.wgs84.tif.monsoons.png inserted.
Fri Dec  8 20:48:54 2017
 -> fy4a_agri_ndisk_1047_olr_20170922.ave.day.tif.wgs84.tif.monsoons.png inserted.
Fri Dec  8 20:49:38 2017
 -> fy4a_agri_ndisk_1047_olr_20170826.ave.day.tif.wgs84.tif.monsoons.png inserted.
Fri Dec  8 20:49:38 2017
 -> fy4a_agri_ndisk_1047_olr_20170826.ave.day.tif.wgs84.tif.monsoons.png inserted.
Fri Dec  8 20:50:20 2017
 -> fy4a_agri_ndisk_1047_olr_20170925.ave.day.tif.wgs84.tif.monsoons.png inserted.
Fri Dec  8 20:50:20 2017
 -> fy4a_agri_ndisk_1047_olr_20170925.ave.day.tif.wgs84.tif.monsoons.png inserted.
Fri Dec  8 20:51:04 2017
 -> fy4a_agri_ndisk_1047_olr_20170817.ave.day.tif.wgs84.tif.monsoons.png inserted.
Fri Dec  8 20:51:04 2017
 -> fy4a_agri_ndisk_1047_olr_20170817.ave.day.tif.wgs84.tif.monsoons.png inserted.
Fri Dec  8 20:51:48 2017
 -> fy4a_agri_ndisk_1047_olr_20171007.ave.day.tif.wgs84.tif.monsoons.png inserted.
Fri Dec  8 20:51:48 2017
 -> fy4a_agri_ndisk_1047_olr_20171007.ave.day.tif.wgs84.tif.monsoons.png inserted.
Fri Dec  8 20:52:34 2017
 -> fy4a_agri_ndisk_1047_olr_20171205.ave.day.tif.wgs84.tif.monsoons.png inserted.
Fri Dec  8 20:52:34 2017
 -> fy4a_agri_ndisk_1047_olr_20171205.ave.day.tif.wgs84.tif.monsoons.png inserted.
Fri Dec  8 20:53:25 2017
 -> fy4a_agri_ndisk_1047_olr_20170929.ave.day.tif.wgs84.tif.monsoons.png inserted.
Fri Dec  8 20:53:25 2017
 -> fy4a_agri_ndisk_1047_olr_20170929.ave.day.tif.wgs84.tif.monsoons.png inserted.
Fri Dec  8 20:54:06 2017
 -> fy4a_agri_ndisk_1047_olr_20171003.ave.day.tif.wgs84.tif.monsoons.png inserted.
Fri Dec  8 20:54:06 2017
 -> fy4a_agri_ndisk_1047_olr_20171003.ave.day.tif.wgs84.tif.monsoons.png inserted.
Fri Dec  8 20:54:46 2017
 -> fy4a_agri_ndisk_1047_olr_20171201.ave.day.tif.wgs84.tif.monsoons.png inserted.
Fri Dec  8 20:54:46 2017
 -> fy4a_agri_ndisk_1047_olr_20171201.ave.day.tif.wgs84.tif.monsoons.png inserted.
Fri Dec  8 20:55:28 2017
 -> fy4a_agri_ndisk_1047_olr_20171128.ave.day.tif.wgs84.tif.monsoons.png inserted.
Fri Dec  8 20:55:28 2017
 -> fy4a_agri_ndisk_1047_olr_20171128.ave.day.tif.wgs84.tif.monsoons.png inserted.
Fri Dec  8 20:56:10 2017
 -> fy4a_agri_ndisk_1047_olr_20170930.ave.day.tif.wgs84.tif.monsoons.png inserted.
Fri Dec  8 20:56:10 2017
 -> fy4a_agri_ndisk_1047_olr_20170930.ave.day.tif.wgs84.tif.monsoons.png inserted.
Fri Dec  8 20:56:53 2017
 -> fy4a_agri_ndisk_1047_olr_20170921.ave.day.tif.wgs84.tif.monsoons.png inserted.
Fri Dec  8 20:56:53 2017
 -> fy4a_agri_ndisk_1047_olr_20170921.ave.day.tif.wgs84.tif.monsoons.png inserted.
Fri Dec  8 20:57:35 2017
 -> fy4a_agri_ndisk_1047_olr_20170822.ave.day.tif.wgs84.tif.monsoons.png inserted.
Fri Dec  8 20:57:35 2017
 -> fy4a_agri_ndisk_1047_olr_20170822.ave.day.tif.wgs84.tif.monsoons.png inserted.
Fri Dec  8 20:58:20 2017
 -> fy4a_agri_ndisk_1047_olr_20170927.ave.day.tif.wgs84.tif.monsoons.png inserted.
Fri Dec  8 20:58:20 2017
 -> fy4a_agri_ndisk_1047_olr_20170927.ave.day.tif.wgs84.tif.monsoons.png inserted.
Fri Dec  8 20:59:04 2017
 -> fy4a_agri_ndisk_1047_olr_20170819.ave.day.tif.wgs84.tif.monsoons.png inserted.
Fri Dec  8 20:59:04 2017
 -> fy4a_agri_ndisk_1047_olr_20170819.ave.day.tif.wgs84.tif.monsoons.png inserted.
Fri Dec  8 20:59:46 2017
 -> fy4a_agri_ndisk_1047_olr_20171001.ave.day.tif.wgs84.tif.monsoons.png inserted.
Fri Dec  8 20:59:46 2017
 -> fy4a_agri_ndisk_1047_olr_20171001.ave.day.tif.wgs84.tif.monsoons.png inserted.
Fri Dec  8 21:00:28 2017
 -> fy4a_agri_ndisk_1047_olr_20171010.ave.day.tif.wgs84.tif.monsoons.png inserted.
Fri Dec  8 21:00:28 2017
 -> fy4a_agri_ndisk_1047_olr_20171010.ave.day.tif.wgs84.tif.monsoons.png inserted.
Fri Dec  8 21:01:11 2017
 -> fy4a_agri_ndisk_1047_olr_20171126.ave.day.tif.wgs84.tif.monsoons.png inserted.
Fri Dec  8 21:01:12 2017
 -> fy4a_agri_ndisk_1047_olr_20171126.ave.day.tif.wgs84.tif.monsoons.png inserted.
Fri Dec  8 21:01:52 2017
 -> fy4a_agri_ndisk_1047_olr_20171009.ave.day.tif.wgs84.tif.monsoons.png inserted.
Fri Dec  8 21:01:53 2017
 -> fy4a_agri_ndisk_1047_olr_20171009.ave.day.tif.wgs84.tif.monsoons.png inserted.
Fri Dec  8 21:02:33 2017
 -> fy4a_agri_ndisk_1047_olr_20170820.ave.day.tif.wgs84.tif.monsoons.png inserted.
Fri Dec  8 21:02:33 2017
 -> fy4a_agri_ndisk_1047_olr_20170820.ave.day.tif.wgs84.tif.monsoons.png inserted.
Fri Dec  8 21:03:17 2017
 -> fy4a_agri_ndisk_1047_olr_20171203.ave.day.tif.wgs84.tif.monsoons.png inserted.
Fri Dec  8 21:03:17 2017
 -> fy4a_agri_ndisk_1047_olr_20171203.ave.day.tif.wgs84.tif.monsoons.png inserted.
Fri Dec  8 21:03:59 2017
 -> fy4a_agri_ndisk_1047_olr_20171005.ave.day.tif.wgs84.tif.monsoons.png inserted.
Fri Dec  8 21:03:59 2017
 -> fy4a_agri_ndisk_1047_olr_20171005.ave.day.tif.wgs84.tif.monsoons.png inserted.
Fri Dec  8 21:04:40 2017
 -> fy4a_agri_ndisk_1047_olr_20170815.ave.day.tif.wgs84.tif.monsoons.png inserted.
Fri Dec  8 21:04:40 2017
 -> fy4a_agri_ndisk_1047_olr_20170815.ave.day.tif.wgs84.tif.monsoons.png inserted.
Fri Dec  8 21:05:21 2017
 -> fy4a_agri_ndisk_1047_olr_20170923.ave.day.tif.wgs84.tif.monsoons.png inserted.
Fri Dec  8 21:05:21 2017
 -> fy4a_agri_ndisk_1047_olr_20170923.ave.day.tif.wgs84.tif.monsoons.png inserted.
Fri Dec  8 21:06:01 2017
 -> fy4a_agri_ndisk_1047_olr_20170824.ave.day.tif.wgs84.tif.monsoons.png inserted.
Fri Dec  8 21:06:01 2017
 -> fy4a_agri_ndisk_1047_olr_20170824.ave.day.tif.wgs84.tif.monsoons.png inserted.
Fri Dec  8 21:07:25 2017
 -> fy4a_agri_ndisk_1047_l3_olr_20170811.ave.fiv.tif.wgs84.tif.monsoons.png inserted.
Fri Dec  8 21:07:25 2017
 -> fy4a_agri_ndisk_1047_l3_olr_20170811.ave.fiv.tif.wgs84.tif.monsoons.png inserted.
Fri Dec  8 21:08:07 2017
 -> fy4a_agri_ndisk_1047_l3_olr_20171001.ave.fiv.tif.wgs84.tif.monsoons.png inserted.
Fri Dec  8 21:08:07 2017
 -> fy4a_agri_ndisk_1047_l3_olr_20171001.ave.fiv.tif.wgs84.tif.monsoons.png inserted.
Fri Dec  8 21:08:48 2017
 -> fy4a_agri_ndisk_1047_l3_olr_20170921.ave.fiv.tif.wgs84.tif.monsoons.png inserted.
Fri Dec  8 21:08:48 2017
 -> fy4a_agri_ndisk_1047_l3_olr_20170921.ave.fiv.tif.wgs84.tif.monsoons.png inserted.
Fri Dec  8 21:09:30 2017
 -> fy4a_agri_ndisk_1047_l3_olr_20171201.ave.fiv.tif.wgs84.tif.monsoons.png inserted.
Fri Dec  8 21:09:30 2017
 -> fy4a_agri_ndisk_1047_l3_olr_20171201.ave.fiv.tif.wgs84.tif.monsoons.png inserted.
Fri Dec  8 21:10:11 2017
 -> fy4a_agri_ndisk_1047_l3_olr_20170826.ave.fiv.tif.wgs84.tif.monsoons.png inserted.
Fri Dec  8 21:10:11 2017
 -> fy4a_agri_ndisk_1047_l3_olr_20170826.ave.fiv.tif.wgs84.tif.monsoons.png inserted.
Fri Dec  8 21:10:56 2017
 -> fy4a_agri_ndisk_1047_l3_olr_20170916.ave.fiv.tif.wgs84.tif.monsoons.png inserted.
Fri Dec  8 21:10:56 2017
 -> fy4a_agri_ndisk_1047_l3_olr_20170916.ave.fiv.tif.wgs84.tif.monsoons.png inserted.
Fri Dec  8 21:11:43 2017
 -> fy4a_agri_ndisk_1047_l3_olr_20170821.ave.fiv.tif.wgs84.tif.monsoons.png inserted.
Fri Dec  8 21:11:43 2017
 -> fy4a_agri_ndisk_1047_l3_olr_20170821.ave.fiv.tif.wgs84.tif.monsoons.png inserted.
Fri Dec  8 21:12:25 2017
 -> fy4a_agri_ndisk_1047_l3_olr_20171011.ave.fiv.tif.wgs84.tif.monsoons.png inserted.
Fri Dec  8 21:12:25 2017
 -> fy4a_agri_ndisk_1047_l3_olr_20171011.ave.fiv.tif.wgs84.tif.monsoons.png inserted.
Fri Dec  8 21:13:06 2017
 -> fy4a_agri_ndisk_1047_l3_olr_20170816.ave.fiv.tif.wgs84.tif.monsoons.png inserted.
Fri Dec  8 21:13:06 2017
 -> fy4a_agri_ndisk_1047_l3_olr_20170816.ave.fiv.tif.wgs84.tif.monsoons.png inserted.
Fri Dec  8 21:13:47 2017
 -> fy4a_agri_ndisk_1047_l3_olr_20171006.ave.fiv.tif.wgs84.tif.monsoons.png inserted.
Fri Dec  8 21:13:47 2017
 -> fy4a_agri_ndisk_1047_l3_olr_20171006.ave.fiv.tif.wgs84.tif.monsoons.png inserted.
Fri Dec  8 21:14:28 2017
 -> fy4a_agri_ndisk_1047_l3_olr_20171121.ave.fiv.tif.wgs84.tif.monsoons.png inserted.
Fri Dec  8 21:14:28 2017
 -> fy4a_agri_ndisk_1047_l3_olr_20171121.ave.fiv.tif.wgs84.tif.monsoons.png inserted.
Fri Dec  8 21:15:08 2017
 -> fy4a_agri_ndisk_1047_l3_olr_20170926.ave.fiv.tif.wgs84.tif.monsoons.png inserted.
Fri Dec  8 21:15:08 2017
 -> fy4a_agri_ndisk_1047_l3_olr_20170926.ave.fiv.tif.wgs84.tif.monsoons.png inserted.
Fri Dec  8 21:16:32 2017
 -> fy4a_agri_ndisk_1047_l3_olr_20171101.ave.mon.tif.wgs84.tif.monsoons.png inserted.
Fri Dec  8 21:16:32 2017
 -> fy4a_agri_ndisk_1047_l3_olr_20171101.ave.mon.tif.wgs84.tif.monsoons.png inserted.
Fri Dec  8 21:17:13 2017
 -> fy4a_agri_ndisk_1047_l3_olr_20170901.ave.mon.tif.wgs84.tif.monsoons.png inserted.
Fri Dec  8 21:17:13 2017
 -> fy4a_agri_ndisk_1047_l3_olr_20170901.ave.mon.tif.wgs84.tif.monsoons.png inserted.
Fri Dec  8 21:17:55 2017
 -> fy4a_agri_ndisk_1047_l3_olr_20171001.ave.mon.tif.wgs84.tif.monsoons.png inserted.
Fri Dec  8 21:17:55 2017
 -> fy4a_agri_ndisk_1047_l3_olr_20171001.ave.mon.tif.wgs84.tif.monsoons.png inserted.
Fri Dec  8 21:20:52 2017
 -> fy4a_agri_ndisk_1047_l2_lpw_tpw_tpw_20171128.ave.day.tif.wgs84.tif.monsoons.png inserted.
Fri Dec  8 21:20:52 2017
 -> fy4a_agri_ndisk_1047_l2_lpw_tpw_tpw_20171128.ave.day.tif.wgs84.tif.monsoons.png inserted.
Fri Dec  8 21:21:29 2017
 -> fy4a_agri_ndisk_1047_l2_lpw_tpw_tpw_20171120.ave.day.tif.wgs84.tif.monsoons.png inserted.
Fri Dec  8 21:21:29 2017
 -> fy4a_agri_ndisk_1047_l2_lpw_tpw_tpw_20171120.ave.day.tif.wgs84.tif.monsoons.png inserted.
Fri Dec  8 21:22:07 2017
 -> fy4a_agri_ndisk_1047_l2_lpw_tpw_tpw_20171201.ave.day.tif.wgs84.tif.monsoons.png inserted.
Fri Dec  8 21:22:07 2017
 -> fy4a_agri_ndisk_1047_l2_lpw_tpw_tpw_20171201.ave.day.tif.wgs84.tif.monsoons.png inserted.
Fri Dec  8 21:22:43 2017
 -> fy4a_agri_ndisk_1047_l2_lpw_tpw_tpw_20171117.ave.day.tif.wgs84.tif.monsoons.png inserted.
Fri Dec  8 21:22:43 2017
 -> fy4a_agri_ndisk_1047_l2_lpw_tpw_tpw_20171117.ave.day.tif.wgs84.tif.monsoons.png inserted.
Fri Dec  8 21:23:17 2017
 -> fy4a_agri_ndisk_1047_l2_lpw_tpw_tpw_20171203.ave.day.tif.wgs84.tif.monsoons.png inserted.
Fri Dec  8 21:23:17 2017
 -> fy4a_agri_ndisk_1047_l2_lpw_tpw_tpw_20171203.ave.day.tif.wgs84.tif.monsoons.png inserted.
Fri Dec  8 21:23:51 2017
 -> fy4a_agri_ndisk_1047_l2_lpw_tpw_tpw_20171122.ave.day.tif.wgs84.tif.monsoons.png inserted.
Fri Dec  8 21:23:51 2017
 -> fy4a_agri_ndisk_1047_l2_lpw_tpw_tpw_20171122.ave.day.tif.wgs84.tif.monsoons.png inserted.
Fri Dec  8 21:24:29 2017
 -> fy4a_agri_ndisk_1047_l2_lpw_tpw_tpw_20171116.ave.day.tif.wgs84.tif.monsoons.png inserted.
Fri Dec  8 21:24:29 2017
 -> fy4a_agri_ndisk_1047_l2_lpw_tpw_tpw_20171116.ave.day.tif.wgs84.tif.monsoons.png inserted.
Fri Dec  8 21:25:05 2017
 -> fy4a_agri_ndisk_1047_l2_lpw_tpw_tpw_20171125.ave.day.tif.wgs84.tif.monsoons.png inserted.
Fri Dec  8 21:25:05 2017
 -> fy4a_agri_ndisk_1047_l2_lpw_tpw_tpw_20171125.ave.day.tif.wgs84.tif.monsoons.png inserted.
Fri Dec  8 21:25:38 2017
 -> fy4a_agri_ndisk_1047_l2_lpw_tpw_tpw_20171129.ave.day.tif.wgs84.tif.monsoons.png inserted.
Fri Dec  8 21:25:38 2017
 -> fy4a_agri_ndisk_1047_l2_lpw_tpw_tpw_20171129.ave.day.tif.wgs84.tif.monsoons.png inserted.
Fri Dec  8 21:26:12 2017
 -> fy4a_agri_ndisk_1047_l2_lpw_tpw_tpw_20171130.ave.day.tif.wgs84.tif.monsoons.png inserted.
Fri Dec  8 21:26:12 2017
 -> fy4a_agri_ndisk_1047_l2_lpw_tpw_tpw_20171130.ave.day.tif.wgs84.tif.monsoons.png inserted.
Fri Dec  8 21:26:48 2017
 -> fy4a_agri_ndisk_1047_l2_lpw_tpw_tpw_20171202.ave.day.tif.wgs84.tif.monsoons.png inserted.
Fri Dec  8 21:26:48 2017
 -> fy4a_agri_ndisk_1047_l2_lpw_tpw_tpw_20171202.ave.day.tif.wgs84.tif.monsoons.png inserted.
Fri Dec  8 21:27:24 2017
 -> fy4a_agri_ndisk_1047_l2_lpw_tpw_tpw_20171121.ave.day.tif.wgs84.tif.monsoons.png inserted.
Fri Dec  8 21:27:24 2017
 -> fy4a_agri_ndisk_1047_l2_lpw_tpw_tpw_20171121.ave.day.tif.wgs84.tif.monsoons.png inserted.
Fri Dec  8 21:28:00 2017
 -> fy4a_agri_ndisk_1047_l2_lpw_tpw_tpw_20171118.ave.day.tif.wgs84.tif.monsoons.png inserted.
Fri Dec  8 21:28:00 2017
 -> fy4a_agri_ndisk_1047_l2_lpw_tpw_tpw_20171118.ave.day.tif.wgs84.tif.monsoons.png inserted.
Fri Dec  8 21:28:36 2017
 -> fy4a_agri_ndisk_1047_l2_lpw_tpw_tpw_20171127.ave.day.tif.wgs84.tif.monsoons.png inserted.
Fri Dec  8 21:28:36 2017
 -> fy4a_agri_ndisk_1047_l2_lpw_tpw_tpw_20171127.ave.day.tif.wgs84.tif.monsoons.png inserted.
Fri Dec  8 21:29:09 2017
 -> fy4a_agri_ndisk_1047_l2_lpw_tpw_tpw_20171204.ave.day.tif.wgs84.tif.monsoons.png inserted.
Fri Dec  8 21:29:09 2017
 -> fy4a_agri_ndisk_1047_l2_lpw_tpw_tpw_20171204.ave.day.tif.wgs84.tif.monsoons.png inserted.
Fri Dec  8 21:29:43 2017
 -> fy4a_agri_ndisk_1047_l2_lpw_tpw_tpw_20171123.ave.day.tif.wgs84.tif.monsoons.png inserted.
Fri Dec  8 21:29:43 2017
 -> fy4a_agri_ndisk_1047_l2_lpw_tpw_tpw_20171123.ave.day.tif.wgs84.tif.monsoons.png inserted.
