Wed Nov 29 19:53:52 2017
 -> fy3b_ndvi_aoam.20160901.max.sea.comb.albers.tif inserted.
Wed Nov 29 19:53:52 2017
 -> fy3b_ndvi_aoam.20160901.max.sea.comb.albers.tif.png inserted.
Wed Nov 29 19:54:53 2017
 -> fy3b_ndvi_aoam.20160301.max.sea.comb.albers.tif inserted.
Wed Nov 29 19:54:53 2017
 -> fy3b_ndvi_aoam.20160301.max.sea.comb.albers.tif.png inserted.
Wed Nov 29 19:55:52 2017
 -> fy3b_ndvi_aoam.20160601.max.sea.comb.albers.tif inserted.
Wed Nov 29 19:55:52 2017
 -> fy3b_ndvi_aoam.20160601.max.sea.comb.albers.tif.png inserted.
Wed Nov 29 19:56:44 2017
 -> fy3b_ndvi_aoam.20151201.max.sea.comb.albers.tif inserted.
Wed Nov 29 19:56:44 2017
 -> fy3b_ndvi_aoam.20151201.max.sea.comb.albers.tif.png inserted.
Wed Nov 29 19:58:18 2017
 -> fy3b_ndvi_aoam.20160101.max.yea.comb.albers.tif inserted.
Wed Nov 29 19:58:18 2017
 -> fy3b_ndvi_aoam.20160101.max.yea.comb.albers.tif.png inserted.
Wed Nov 29 21:00:14 2017
 -> mod13a3.20170301.max.sea.comb.albers.tif inserted.
Wed Nov 29 21:00:14 2017
 -> mod13a3.20170301.max.sea.comb.albers.tif.png inserted.
Wed Nov 29 21:00:52 2017
 -> mod13a3.20170601.max.sea.comb.albers.tif inserted.
Wed Nov 29 21:00:52 2017
 -> mod13a3.20170601.max.sea.comb.albers.tif.png inserted.
Wed Nov 29 21:03:37 2017
 -> mod13a3.19990101.max.yea.comb.albers.tif inserted.
Wed Nov 29 21:03:37 2017
 -> mod13a3.19990101.max.yea.comb.albers.tif.png inserted.
