Thu Nov 23 21:22:27 2017
 -> mod13a1.20170101.tif inserted.
Thu Nov 23 21:22:27 2017
 -> mod13a1.20170101.tif.png inserted.
Thu Nov 23 21:24:19 2017
 -> mod13a3.20170801.tif inserted.
Thu Nov 23 21:24:19 2017
 -> mod13a3.20170801.tif.png inserted.
Thu Nov 23 21:25:53 2017
 -> mod13a3.20170601.tif inserted.
Thu Nov 23 21:25:53 2017
 -> mod13a3.20170601.tif.png inserted.
Thu Nov 23 21:27:20 2017
 -> mod13a3.20170701.tif inserted.
Thu Nov 23 21:27:20 2017
 -> mod13a3.20170701.tif.png inserted.
Thu Nov 23 21:28:54 2017
 -> mod13a3.20170501.tif inserted.
Thu Nov 23 21:28:54 2017
 -> mod13a3.20170501.tif.png inserted.
Thu Nov 23 21:32:47 2017
 -> fy3b_ndvi_aotd.20170820.tif inserted.
Thu Nov 23 21:32:47 2017
 -> fy3b_ndvi_aotd.20170820.tif.png inserted.
