Sun Dec 10 14:54:15 2017
 -> fy4a_agri_ndisk_1047_l3_lst_20171101.ave.mon.tif inserted.
Sun Dec 10 14:54:15 2017
 -> fy4a_agri_ndisk_1047_l3_lst_20171101.ave.mon.tif.png inserted.
Sun Dec 10 14:54:35 2017
 -> fy4a_agri_ndisk_1047_l3_lst_20171101.ave.mon.tif inserted.
Sun Dec 10 14:54:35 2017
 -> fy4a_agri_ndisk_1047_l3_lst_20171101.ave.mon.tif.png.asia.png inserted.
Sun Dec 10 14:54:54 2017
 -> fy4a_agri_ndisk_1047_l3_lst_20171101.ave.mon.tif inserted.
Sun Dec 10 14:54:54 2017
 -> fy4a_agri_ndisk_1047_l3_lst_20171101.ave.mon.tif.png.china.png inserted.
Sun Dec 10 14:55:43 2017
 -> fy4a_agri_ndisk_1047_l3_lst_20171201.ave.fiv.tif inserted.
Sun Dec 10 14:55:43 2017
 -> fy4a_agri_ndisk_1047_l3_lst_20171201.ave.fiv.tif.png inserted.
Sun Dec 10 14:56:03 2017
 -> fy4a_agri_ndisk_1047_l3_lst_20171201.ave.fiv.tif inserted.
Sun Dec 10 14:56:03 2017
 -> fy4a_agri_ndisk_1047_l3_lst_20171201.ave.fiv.tif.png.asia.png inserted.
Sun Dec 10 14:56:22 2017
 -> fy4a_agri_ndisk_1047_l3_lst_20171201.ave.fiv.tif inserted.
Sun Dec 10 14:56:22 2017
 -> fy4a_agri_ndisk_1047_l3_lst_20171201.ave.fiv.tif.png.china.png inserted.
Sun Dec 10 14:57:14 2017
 -> fy4a_agri_ndisk_1047_l3_lst_20171126.ave.fiv.tif inserted.
Sun Dec 10 14:57:14 2017
 -> fy4a_agri_ndisk_1047_l3_lst_20171126.ave.fiv.tif.png inserted.
Sun Dec 10 14:57:34 2017
 -> fy4a_agri_ndisk_1047_l3_lst_20171126.ave.fiv.tif inserted.
Sun Dec 10 14:57:34 2017
 -> fy4a_agri_ndisk_1047_l3_lst_20171126.ave.fiv.tif.png.asia.png inserted.
Sun Dec 10 14:57:53 2017
 -> fy4a_agri_ndisk_1047_l3_lst_20171126.ave.fiv.tif inserted.
Sun Dec 10 14:57:53 2017
 -> fy4a_agri_ndisk_1047_l3_lst_20171126.ave.fiv.tif.png.china.png inserted.
Sun Dec 10 14:58:43 2017
 -> fy4a_agri_ndisk_1047_l3_lst_20171111.ave.ten.tif inserted.
Sun Dec 10 14:58:43 2017
 -> fy4a_agri_ndisk_1047_l3_lst_20171111.ave.ten.tif.png inserted.
Sun Dec 10 14:59:03 2017
 -> fy4a_agri_ndisk_1047_l3_lst_20171111.ave.ten.tif inserted.
Sun Dec 10 14:59:03 2017
 -> fy4a_agri_ndisk_1047_l3_lst_20171111.ave.ten.tif.png.asia.png inserted.
Sun Dec 10 14:59:22 2017
 -> fy4a_agri_ndisk_1047_l3_lst_20171111.ave.ten.tif inserted.
Sun Dec 10 14:59:22 2017
 -> fy4a_agri_ndisk_1047_l3_lst_20171111.ave.ten.tif.png.china.png inserted.
Sun Dec 10 15:00:11 2017
 -> fy4a_agri_ndisk_1047_l3_lst_20170901.ave.sea.tif inserted.
Sun Dec 10 15:00:11 2017
 -> fy4a_agri_ndisk_1047_l3_lst_20170901.ave.sea.tif.png inserted.
Sun Dec 10 15:01:41 2017
 -> fy4a_agri_ndisk_1047_l3_lst_20171116.ave.fiv.tif inserted.
Sun Dec 10 15:01:41 2017
 -> fy4a_agri_ndisk_1047_l3_lst_20171116.ave.fiv.tif.png inserted.
Sun Dec 10 15:02:00 2017
 -> fy4a_agri_ndisk_1047_l3_lst_20171116.ave.fiv.tif inserted.
Sun Dec 10 15:02:00 2017
 -> fy4a_agri_ndisk_1047_l3_lst_20171116.ave.fiv.tif.png.asia.png inserted.
Sun Dec 10 15:02:19 2017
 -> fy4a_agri_ndisk_1047_l3_lst_20171116.ave.fiv.tif inserted.
Sun Dec 10 15:02:19 2017
 -> fy4a_agri_ndisk_1047_l3_lst_20171116.ave.fiv.tif.png.china.png inserted.
Sun Dec 10 15:03:10 2017
 -> fy4a_agri_ndisk_1047_l3_lst_20171121.ave.fiv.tif inserted.
Sun Dec 10 15:03:10 2017
 -> fy4a_agri_ndisk_1047_l3_lst_20171121.ave.fiv.tif.png inserted.
Sun Dec 10 15:03:30 2017
 -> fy4a_agri_ndisk_1047_l3_lst_20171121.ave.fiv.tif inserted.
Sun Dec 10 15:03:30 2017
 -> fy4a_agri_ndisk_1047_l3_lst_20171121.ave.fiv.tif.png.asia.png inserted.
Sun Dec 10 15:03:49 2017
 -> fy4a_agri_ndisk_1047_l3_lst_20171121.ave.fiv.tif inserted.
Sun Dec 10 15:03:49 2017
 -> fy4a_agri_ndisk_1047_l3_lst_20171121.ave.fiv.tif.png.china.png inserted.
Sun Dec 10 15:04:38 2017
 -> fy4a_agri_ndisk_1047_l3_lst_20171121.ave.ten.tif inserted.
Sun Dec 10 15:04:38 2017
 -> fy4a_agri_ndisk_1047_l3_lst_20171121.ave.ten.tif.png inserted.
Sun Dec 10 15:04:57 2017
 -> fy4a_agri_ndisk_1047_l3_lst_20171121.ave.ten.tif inserted.
Sun Dec 10 15:04:57 2017
 -> fy4a_agri_ndisk_1047_l3_lst_20171121.ave.ten.tif.png.asia.png inserted.
Sun Dec 10 15:05:16 2017
 -> fy4a_agri_ndisk_1047_l3_lst_20171121.ave.ten.tif inserted.
Sun Dec 10 15:05:16 2017
 -> fy4a_agri_ndisk_1047_l3_lst_20171121.ave.ten.tif.png.china.png inserted.
