Fri Oct 27 19:04:26 2017
 -> FY4A-_AGRI--_N_DISK_1047E_L2-_SST-_MULT_NOM_20170816_SST_combination_fiv.tif inserted.
Fri Oct 27 19:04:26 2017
 -> FY4A-_AGRI--_N_DISK_1047E_L2-_SST-_MULT_NOM_20170816_SST_combination_fiv.tif.png inserted.
Fri Oct 27 19:05:18 2017
 -> FY4A-_AGRI--_N_DISK_1047E_L2-_SST-_MULT_NOM_20170818_SST_combination_day.tif inserted.
Fri Oct 27 19:05:18 2017
 -> FY4A-_AGRI--_N_DISK_1047E_L2-_SST-_MULT_NOM_20170818_SST_combination_day.tif.png inserted.
Fri Oct 27 19:42:19 2017
 -> FY4A-_AGRI--_N_DISK_1047E_L2-_SST-_MULT_NOM_20171016_SST_combination_day.tif inserted.
Fri Oct 27 19:42:19 2017
 -> FY4A-_AGRI--_N_DISK_1047E_L2-_SST-_MULT_NOM_20171016_SST_combination_day.tif.png inserted.
Fri Oct 27 19:55:38 2017
 -> FY4A-_AGRI--_N_DISK_1047E_L2-_LST-_MULT_NOM_20171009_LST_combination_day.tif inserted.
Fri Oct 27 19:55:38 2017
 -> FY4A-_AGRI--_N_DISK_1047E_L2-_LST-_MULT_NOM_20171009_LST_combination_day.tif.png inserted.
Fri Oct 27 19:57:49 2017
 -> FY4A-_AGRI--_N_DISK_1047E_L2-_LST-_MULT_NOM_20171001_LST_combination_ten.tif inserted.
Fri Oct 27 19:57:49 2017
 -> FY4A-_AGRI--_N_DISK_1047E_L2-_LST-_MULT_NOM_20171001_LST_combination_ten.tif.png inserted.
Fri Oct 27 19:58:27 2017
 -> FY4A-_AGRI--_N_DISK_1047E_L2-_LPW-_MULT_NOM_20170729_LPW_LOW_combination_day.tif inserted.
Fri Oct 27 19:58:27 2017
 -> FY4A-_AGRI--_N_DISK_1047E_L2-_LPW-_MULT_NOM_20170729_LPW_LOW_combination_day.tif.png inserted.
Fri Oct 27 19:58:53 2017
 -> FY4A-_AGRI--_N_DISK_1047E_L2-_LPW-_MULT_NOM_20170729_LPW_HIG_combination_day.tif inserted.
Fri Oct 27 19:58:53 2017
 -> FY4A-_AGRI--_N_DISK_1047E_L2-_LPW-_MULT_NOM_20170729_LPW_HIG_combination_day.tif.png inserted.
Fri Oct 27 19:59:51 2017
 -> FY4A-_AGRI--_N_DISK_1047E_L2-_OLR-_MULT_NOM_201709220300_OLR_combination_hah.tif inserted.
Fri Oct 27 19:59:51 2017
 -> FY4A-_AGRI--_N_DISK_1047E_L2-_OLR-_MULT_NOM_201709220300_OLR_combination_hah.tif.png inserted.
Fri Oct 27 20:00:17 2017
 -> FY4A-_AGRI--_N_DISK_1047E_L2-_OLR-_MULT_NOM_201709252000_OLR_combination_hah.tif inserted.
Fri Oct 27 20:00:17 2017
 -> FY4A-_AGRI--_N_DISK_1047E_L2-_OLR-_MULT_NOM_201709252000_OLR_combination_hah.tif.png inserted.
Fri Oct 27 20:00:56 2017
 -> FY4A-_AGRI--_N_DISK_1047E_L2-_OLR-_MULT_NOM_201710081200_OLR_combination_hah.tif inserted.
Fri Oct 27 20:00:56 2017
 -> FY4A-_AGRI--_N_DISK_1047E_L2-_OLR-_MULT_NOM_201710081200_OLR_combination_hah.tif.png inserted.
Fri Oct 27 20:01:44 2017
 -> FY4A-_AGRI--_N_DISK_1047E_L2-_OLR-_MULT_NOM_20170922040000_20170922041459_4000M_V0001.NC inserted.
Fri Oct 27 20:01:44 2017
 -> FY4A-_AGRI--_N_DISK_1047E_L2-_OLR-_MULT_NOM_20170922040000_20170922041459_4000M_V0001.NC.png inserted.
Fri Oct 27 20:02:24 2017
 -> FY4A-_AGRI--_N_DISK_1047E_L2-_OLR-_MULT_NOM_20170925060000_20170925061459_4000M_V0001.NC inserted.
Fri Oct 27 20:02:24 2017
 -> FY4A-_AGRI--_N_DISK_1047E_L2-_OLR-_MULT_NOM_20170925060000_20170925061459_4000M_V0001.NC.png inserted.
