Fri Dec  8 00:42:05 2017
 -> fy4a_agri_ndisk_1047_l2_lpw_lyr_low_20171126.ave.day.tif inserted.
Fri Dec  8 00:42:05 2017
 -> fy4a_agri_ndisk_1047_l2_lpw_lyr_low_20171126.ave.day.tif.png inserted.
Fri Dec  8 01:56:13 2017
 -> fy4a_agri_ndisk_1047_l2_lpw_lyr_low_20171122.ave.day.tif inserted.
Fri Dec  8 01:56:13 2017
 -> fy4a_agri_ndisk_1047_l2_lpw_lyr_low_20171122.ave.day.tif.png inserted.
Fri Dec  8 02:43:14 2017
 -> fy4a_agri_ndisk_1047_l2_lpw_lyr_low_20171203.ave.day.tif inserted.
Fri Dec  8 02:43:14 2017
 -> fy4a_agri_ndisk_1047_l2_lpw_lyr_low_20171203.ave.day.tif.png inserted.
Fri Dec  8 03:17:19 2017
 -> fy4a_agri_ndisk_1047_l2_lpw_lyr_low_20171201.ave.day.tif inserted.
Fri Dec  8 03:17:19 2017
 -> fy4a_agri_ndisk_1047_l2_lpw_lyr_low_20171201.ave.day.tif.png inserted.
Fri Dec  8 04:35:21 2017
 -> fy4a_agri_ndisk_1047_l2_lpw_lyr_low_20171119.ave.day.tif inserted.
Fri Dec  8 04:35:21 2017
 -> fy4a_agri_ndisk_1047_l2_lpw_lyr_low_20171119.ave.day.tif.png inserted.
Fri Dec  8 05:45:28 2017
 -> fy4a_agri_ndisk_1047_l2_lpw_lyr_low_20171128.ave.day.tif inserted.
Fri Dec  8 05:45:28 2017
 -> fy4a_agri_ndisk_1047_l2_lpw_lyr_low_20171128.ave.day.tif.png inserted.
Fri Dec  8 06:11:29 2017
 -> fy4a_agri_ndisk_1047_l2_lpw_lyr_low_20171205.ave.day.tif inserted.
Fri Dec  8 06:11:29 2017
 -> fy4a_agri_ndisk_1047_l2_lpw_lyr_low_20171205.ave.day.tif.png inserted.
Fri Dec  8 06:49:16 2017
 -> fy4a_agri_ndisk_1047_l2_lpw_lyr_low_20171124.ave.day.tif inserted.
Fri Dec  8 06:49:16 2017
 -> fy4a_agri_ndisk_1047_l2_lpw_lyr_low_20171124.ave.day.tif.png inserted.
Fri Dec  8 07:20:38 2017
 -> fy4a_agri_ndisk_1047_l2_lpw_lyr_mid_20171125.ave.day.tif inserted.
Fri Dec  8 07:20:38 2017
 -> fy4a_agri_ndisk_1047_l2_lpw_lyr_mid_20171125.ave.day.tif.png inserted.
Fri Dec  8 07:53:14 2017
 -> fy4a_agri_ndisk_1047_l2_lpw_lyr_mid_20171206.ave.day.tif inserted.
Fri Dec  8 07:53:14 2017
 -> fy4a_agri_ndisk_1047_l2_lpw_lyr_mid_20171206.ave.day.tif.png inserted.
Fri Dec  8 08:15:29 2017
 -> fy4a_agri_ndisk_1047_l2_lpw_lyr_mid_20171116.ave.day.tif inserted.
Fri Dec  8 08:15:30 2017
 -> fy4a_agri_ndisk_1047_l2_lpw_lyr_mid_20171116.ave.day.tif.png inserted.
Fri Dec  8 08:16:55 2017
 -> fy4a_agri_ndisk_1047_l2_lpw_lyr_mid_20171129.ave.day.tif inserted.
Fri Dec  8 08:16:55 2017
 -> fy4a_agri_ndisk_1047_l2_lpw_lyr_mid_20171129.ave.day.tif.png inserted.
Fri Dec  8 08:26:16 2017
 -> fy4a_agri_ndisk_1047_l2_lpw_lyr_hig_20171201.ave.fiv.tif inserted.
Fri Dec  8 08:26:16 2017
 -> fy4a_agri_ndisk_1047_l2_lpw_lyr_hig_20171201.ave.fiv.tif.png inserted.
Fri Dec  8 08:27:27 2017
 -> fy4a_agri_ndisk_1047_l2_lpw_lyr_hig_20171101.ave.mon.tif inserted.
Fri Dec  8 08:27:27 2017
 -> fy4a_agri_ndisk_1047_l2_lpw_lyr_hig_20171101.ave.mon.tif.png inserted.
Fri Dec  8 08:28:38 2017
 -> fy4a_agri_ndisk_1047_l2_lpw_lyr_hig_20171111.ave.ten.tif inserted.
Fri Dec  8 08:28:38 2017
 -> fy4a_agri_ndisk_1047_l2_lpw_lyr_hig_20171111.ave.ten.tif.png inserted.
Fri Dec  8 08:29:50 2017
 -> fy4a_agri_ndisk_1047_l2_lpw_lyr_hig_20170901.ave.sea.tif inserted.
Fri Dec  8 08:29:50 2017
 -> fy4a_agri_ndisk_1047_l2_lpw_lyr_hig_20170901.ave.sea.tif.png inserted.
Fri Dec  8 08:30:57 2017
 -> fy4a_agri_ndisk_1047_l2_lpw_lyr_hig_20171126.ave.fiv.tif inserted.
Fri Dec  8 08:30:57 2017
 -> fy4a_agri_ndisk_1047_l2_lpw_lyr_hig_20171126.ave.fiv.tif.png inserted.
Fri Dec  8 08:31:00 2017
 -> fy4a_agri_ndisk_1047_l2_lpw_lyr_mid_20171202.ave.day.tif inserted.
Fri Dec  8 08:31:00 2017
 -> fy4a_agri_ndisk_1047_l2_lpw_lyr_mid_20171202.ave.day.tif.png inserted.
Fri Dec  8 08:31:22 2017
 -> fy4a_agri_ndisk_1047_l2_lpw_lyr_mid_20171121.ave.day.tif inserted.
Fri Dec  8 08:31:22 2017
 -> fy4a_agri_ndisk_1047_l2_lpw_lyr_mid_20171121.ave.day.tif.png inserted.
Fri Dec  8 08:32:02 2017
 -> fy4a_agri_ndisk_1047_l2_lpw_lyr_hig_20171121.ave.fiv.tif inserted.
Fri Dec  8 08:32:03 2017
 -> fy4a_agri_ndisk_1047_l2_lpw_lyr_hig_20171121.ave.fiv.tif.png inserted.
Fri Dec  8 08:32:57 2017
 -> fy4a_agri_ndisk_1047_l2_lpw_lyr_mid_20171127.ave.day.tif inserted.
Fri Dec  8 08:32:57 2017
 -> fy4a_agri_ndisk_1047_l2_lpw_lyr_mid_20171127.ave.day.tif.png inserted.
Fri Dec  8 08:33:09 2017
 -> fy4a_agri_ndisk_1047_l2_lpw_lyr_hig_20171116.ave.fiv.tif inserted.
Fri Dec  8 08:33:09 2017
 -> fy4a_agri_ndisk_1047_l2_lpw_lyr_hig_20171116.ave.fiv.tif.png inserted.
Fri Dec  8 08:33:59 2017
 -> fy4a_agri_ndisk_1047_l2_lpw_lyr_mid_20171118.ave.day.tif inserted.
Fri Dec  8 08:33:59 2017
 -> fy4a_agri_ndisk_1047_l2_lpw_lyr_mid_20171118.ave.day.tif.png inserted.
Fri Dec  8 08:34:17 2017
 -> fy4a_agri_ndisk_1047_l2_lpw_lyr_hig_20171121.ave.ten.tif inserted.
Fri Dec  8 08:34:17 2017
 -> fy4a_agri_ndisk_1047_l2_lpw_lyr_hig_20171121.ave.ten.tif.png inserted.
Fri Dec  8 08:35:04 2017
 -> fy4a_agri_ndisk_1047_l2_lpw_lyr_mid_20171123.ave.day.tif inserted.
Fri Dec  8 08:35:04 2017
 -> fy4a_agri_ndisk_1047_l2_lpw_lyr_mid_20171123.ave.day.tif.png inserted.
Fri Dec  8 08:36:10 2017
 -> fy4a_agri_ndisk_1047_l2_lpw_lyr_mid_20171204.ave.day.tif inserted.
Fri Dec  8 08:36:10 2017
 -> fy4a_agri_ndisk_1047_l2_lpw_lyr_mid_20171204.ave.day.tif.png inserted.
Fri Dec  8 08:37:14 2017
 -> fy4a_agri_ndisk_1047_l2_lpw_lyr_mid_20171126.ave.day.tif inserted.
Fri Dec  8 08:37:14 2017
 -> fy4a_agri_ndisk_1047_l2_lpw_lyr_mid_20171126.ave.day.tif.png inserted.
Fri Dec  8 08:38:18 2017
 -> fy4a_agri_ndisk_1047_l2_lpw_lyr_mid_20171117.ave.day.tif inserted.
Fri Dec  8 08:38:18 2017
 -> fy4a_agri_ndisk_1047_l2_lpw_lyr_mid_20171117.ave.day.tif.png inserted.
Fri Dec  8 08:39:22 2017
 -> fy4a_agri_ndisk_1047_l2_lpw_lyr_mid_20171203.ave.day.tif inserted.
Fri Dec  8 08:39:22 2017
 -> fy4a_agri_ndisk_1047_l2_lpw_lyr_mid_20171203.ave.day.tif.png inserted.
Fri Dec  8 08:40:28 2017
 -> fy4a_agri_ndisk_1047_l2_lpw_lyr_mid_20171122.ave.day.tif inserted.
Fri Dec  8 08:40:28 2017
 -> fy4a_agri_ndisk_1047_l2_lpw_lyr_mid_20171122.ave.day.tif.png inserted.
Fri Dec  8 08:41:32 2017
 -> fy4a_agri_ndisk_1047_l2_lpw_lyr_mid_20171128.ave.day.tif inserted.
Fri Dec  8 08:41:32 2017
 -> fy4a_agri_ndisk_1047_l2_lpw_lyr_mid_20171128.ave.day.tif.png inserted.
Fri Dec  8 08:42:37 2017
 -> fy4a_agri_ndisk_1047_l2_lpw_lyr_mid_20171119.ave.day.tif inserted.
Fri Dec  8 08:42:37 2017
 -> fy4a_agri_ndisk_1047_l2_lpw_lyr_mid_20171119.ave.day.tif.png inserted.
Fri Dec  8 08:43:41 2017
 -> fy4a_agri_ndisk_1047_l2_lpw_lyr_mid_20171120.ave.day.tif inserted.
Fri Dec  8 08:43:41 2017
 -> fy4a_agri_ndisk_1047_l2_lpw_lyr_mid_20171120.ave.day.tif.png inserted.
Fri Dec  8 08:44:48 2017
 -> fy4a_agri_ndisk_1047_l2_lpw_lyr_mid_20171201.ave.day.tif inserted.
Fri Dec  8 08:44:48 2017
 -> fy4a_agri_ndisk_1047_l2_lpw_lyr_mid_20171201.ave.day.tif.png inserted.
Fri Dec  8 08:45:54 2017
 -> fy4a_agri_ndisk_1047_l2_lpw_lyr_mid_20171124.ave.day.tif inserted.
Fri Dec  8 08:45:54 2017
 -> fy4a_agri_ndisk_1047_l2_lpw_lyr_mid_20171124.ave.day.tif.png inserted.
Fri Dec  8 08:46:59 2017
 -> fy4a_agri_ndisk_1047_l2_lpw_lyr_mid_20171205.ave.day.tif inserted.
Fri Dec  8 08:46:59 2017
 -> fy4a_agri_ndisk_1047_l2_lpw_lyr_mid_20171205.ave.day.tif.png inserted.
Fri Dec  8 08:47:58 2017
 -> fy4a_agri_ndisk_1047_l2_lpw_lyr_mid_20171115.ave.day.tif inserted.
Fri Dec  8 08:47:58 2017
 -> fy4a_agri_ndisk_1047_l2_lpw_lyr_mid_20171115.ave.day.tif.png inserted.
Fri Dec  8 08:49:03 2017
 -> fy4a_agri_ndisk_1047_l2_lpw_lyr_hig_20171127.ave.day.tif inserted.
Fri Dec  8 08:49:03 2017
 -> fy4a_agri_ndisk_1047_l2_lpw_lyr_hig_20171127.ave.day.tif.png inserted.
Fri Dec  8 08:50:08 2017
 -> fy4a_agri_ndisk_1047_l2_lpw_lyr_hig_20171118.ave.day.tif inserted.
Fri Dec  8 08:50:08 2017
 -> fy4a_agri_ndisk_1047_l2_lpw_lyr_hig_20171118.ave.day.tif.png inserted.
Fri Dec  8 08:51:14 2017
 -> fy4a_agri_ndisk_1047_l2_lpw_lyr_hig_20171204.ave.day.tif inserted.
Fri Dec  8 08:51:14 2017
 -> fy4a_agri_ndisk_1047_l2_lpw_lyr_hig_20171204.ave.day.tif.png inserted.
Fri Dec  8 08:52:19 2017
 -> fy4a_agri_ndisk_1047_l2_lpw_lyr_hig_20171123.ave.day.tif inserted.
Fri Dec  8 08:52:19 2017
 -> fy4a_agri_ndisk_1047_l2_lpw_lyr_hig_20171123.ave.day.tif.png inserted.
Fri Dec  8 08:53:25 2017
 -> fy4a_agri_ndisk_1047_l2_lpw_lyr_hig_20171129.ave.day.tif inserted.
Fri Dec  8 08:53:25 2017
 -> fy4a_agri_ndisk_1047_l2_lpw_lyr_hig_20171129.ave.day.tif.png inserted.
Fri Dec  8 08:54:30 2017
 -> fy4a_agri_ndisk_1047_l2_lpw_lyr_hig_20171121.ave.day.tif inserted.
Fri Dec  8 08:54:30 2017
 -> fy4a_agri_ndisk_1047_l2_lpw_lyr_hig_20171121.ave.day.tif.png inserted.
Fri Dec  8 08:55:38 2017
 -> fy4a_agri_ndisk_1047_l2_lpw_lyr_hig_20171202.ave.day.tif inserted.
Fri Dec  8 08:55:38 2017
 -> fy4a_agri_ndisk_1047_l2_lpw_lyr_hig_20171202.ave.day.tif.png inserted.
Fri Dec  8 08:56:43 2017
 -> fy4a_agri_ndisk_1047_l2_lpw_lyr_hig_20171130.ave.day.tif inserted.
Fri Dec  8 08:56:43 2017
 -> fy4a_agri_ndisk_1047_l2_lpw_lyr_hig_20171130.ave.day.tif.png inserted.
Fri Dec  8 08:57:50 2017
 -> fy4a_agri_ndisk_1047_l2_lpw_lyr_hig_20171125.ave.day.tif inserted.
Fri Dec  8 08:57:50 2017
 -> fy4a_agri_ndisk_1047_l2_lpw_lyr_hig_20171125.ave.day.tif.png inserted.
Fri Dec  8 08:58:55 2017
 -> fy4a_agri_ndisk_1047_l2_lpw_lyr_hig_20171206.ave.day.tif inserted.
Fri Dec  8 08:58:55 2017
 -> fy4a_agri_ndisk_1047_l2_lpw_lyr_hig_20171206.ave.day.tif.png inserted.
Fri Dec  8 09:00:00 2017
 -> fy4a_agri_ndisk_1047_l2_lpw_lyr_hig_20171116.ave.day.tif inserted.
Fri Dec  8 09:00:00 2017
 -> fy4a_agri_ndisk_1047_l2_lpw_lyr_hig_20171116.ave.day.tif.png inserted.
Fri Dec  8 09:01:05 2017
 -> fy4a_agri_ndisk_1047_l2_lpw_lyr_hig_20171128.ave.day.tif inserted.
Fri Dec  8 09:01:05 2017
 -> fy4a_agri_ndisk_1047_l2_lpw_lyr_hig_20171128.ave.day.tif.png inserted.
Fri Dec  8 09:02:14 2017
 -> fy4a_agri_ndisk_1047_l2_lpw_lyr_hig_20171119.ave.day.tif inserted.
Fri Dec  8 09:02:14 2017
 -> fy4a_agri_ndisk_1047_l2_lpw_lyr_hig_20171119.ave.day.tif.png inserted.
Fri Dec  8 09:03:18 2017
 -> fy4a_agri_ndisk_1047_l2_lpw_lyr_hig_20171120.ave.day.tif inserted.
Fri Dec  8 09:03:18 2017
 -> fy4a_agri_ndisk_1047_l2_lpw_lyr_hig_20171120.ave.day.tif.png inserted.
Fri Dec  8 09:04:27 2017
 -> fy4a_agri_ndisk_1047_l2_lpw_lyr_hig_20171201.ave.day.tif inserted.
Fri Dec  8 09:04:27 2017
 -> fy4a_agri_ndisk_1047_l2_lpw_lyr_hig_20171201.ave.day.tif.png inserted.
Fri Dec  8 09:05:38 2017
 -> fy4a_agri_ndisk_1047_l2_lpw_lyr_hig_20171205.ave.day.tif inserted.
Fri Dec  8 09:05:38 2017
 -> fy4a_agri_ndisk_1047_l2_lpw_lyr_hig_20171205.ave.day.tif.png inserted.
Fri Dec  8 09:06:44 2017
 -> fy4a_agri_ndisk_1047_l2_lpw_lyr_hig_20171124.ave.day.tif inserted.
Fri Dec  8 09:06:44 2017
 -> fy4a_agri_ndisk_1047_l2_lpw_lyr_hig_20171124.ave.day.tif.png inserted.
Fri Dec  8 09:07:42 2017
 -> fy4a_agri_ndisk_1047_l2_lpw_lyr_hig_20171115.ave.day.tif inserted.
Fri Dec  8 09:07:42 2017
 -> fy4a_agri_ndisk_1047_l2_lpw_lyr_hig_20171115.ave.day.tif.png inserted.
Fri Dec  8 09:08:44 2017
 -> fy4a_agri_ndisk_1047_l2_lpw_lyr_hig_20171203.ave.day.tif inserted.
Fri Dec  8 09:08:44 2017
 -> fy4a_agri_ndisk_1047_l2_lpw_lyr_hig_20171203.ave.day.tif.png inserted.
Fri Dec  8 09:09:48 2017
 -> fy4a_agri_ndisk_1047_l2_lpw_lyr_hig_20171122.ave.day.tif inserted.
Fri Dec  8 09:09:48 2017
 -> fy4a_agri_ndisk_1047_l2_lpw_lyr_hig_20171122.ave.day.tif.png inserted.
Fri Dec  8 09:10:53 2017
 -> fy4a_agri_ndisk_1047_l2_lpw_lyr_hig_20171126.ave.day.tif inserted.
Fri Dec  8 09:10:53 2017
 -> fy4a_agri_ndisk_1047_l2_lpw_lyr_hig_20171126.ave.day.tif.png inserted.
Fri Dec  8 09:11:55 2017
 -> fy4a_agri_ndisk_1047_l2_lpw_lyr_hig_20171207.ave.day.tif inserted.
Fri Dec  8 09:11:55 2017
 -> fy4a_agri_ndisk_1047_l2_lpw_lyr_hig_20171207.ave.day.tif.png inserted.
Fri Dec  8 09:13:01 2017
 -> fy4a_agri_ndisk_1047_l2_lpw_lyr_hig_20171117.ave.day.tif inserted.
Fri Dec  8 09:13:01 2017
 -> fy4a_agri_ndisk_1047_l2_lpw_lyr_hig_20171117.ave.day.tif.png inserted.
Fri Dec  8 21:52:53 2017
 -> fy4a_agri_ndisk_1047_l2_lst_20171124.ave.day.tif inserted.
Fri Dec  8 21:52:54 2017
 -> fy4a_agri_ndisk_1047_l2_lst_20171124.ave.day.tif.png inserted.
Fri Dec  8 21:53:13 2017
 -> fy4a_agri_ndisk_1047_l2_lst_20171124.ave.day.tif inserted.
Fri Dec  8 21:53:14 2017
 -> fy4a_agri_ndisk_1047_l2_lst_20171124.ave.day.tif.png.asia.png inserted.
Fri Dec  8 21:53:33 2017
 -> fy4a_agri_ndisk_1047_l2_lst_20171124.ave.day.tif inserted.
Fri Dec  8 21:53:33 2017
 -> fy4a_agri_ndisk_1047_l2_lst_20171124.ave.day.tif.png.china.png inserted.
Fri Dec  8 21:54:22 2017
 -> fy4a_agri_ndisk_1047_l2_lst_20171205.ave.day.tif inserted.
Fri Dec  8 21:54:22 2017
 -> fy4a_agri_ndisk_1047_l2_lst_20171205.ave.day.tif.png inserted.
Fri Dec  8 21:54:41 2017
 -> fy4a_agri_ndisk_1047_l2_lst_20171205.ave.day.tif inserted.
Fri Dec  8 21:54:41 2017
 -> fy4a_agri_ndisk_1047_l2_lst_20171205.ave.day.tif.png.asia.png inserted.
Fri Dec  8 21:55:00 2017
 -> fy4a_agri_ndisk_1047_l2_lst_20171205.ave.day.tif inserted.
Fri Dec  8 21:55:00 2017
 -> fy4a_agri_ndisk_1047_l2_lst_20171205.ave.day.tif.png.china.png inserted.
Fri Dec  8 21:55:52 2017
 -> fy4a_agri_ndisk_1047_l2_lst_20171128.ave.day.tif inserted.
Fri Dec  8 21:55:52 2017
 -> fy4a_agri_ndisk_1047_l2_lst_20171128.ave.day.tif.png inserted.
Fri Dec  8 21:56:12 2017
 -> fy4a_agri_ndisk_1047_l2_lst_20171128.ave.day.tif inserted.
Fri Dec  8 21:56:12 2017
 -> fy4a_agri_ndisk_1047_l2_lst_20171128.ave.day.tif.png.asia.png inserted.
Fri Dec  8 21:56:31 2017
 -> fy4a_agri_ndisk_1047_l2_lst_20171128.ave.day.tif inserted.
Fri Dec  8 21:56:31 2017
 -> fy4a_agri_ndisk_1047_l2_lst_20171128.ave.day.tif.png.china.png inserted.
Fri Dec  8 21:57:19 2017
 -> fy4a_agri_ndisk_1047_l2_lst_20171119.ave.day.tif inserted.
Fri Dec  8 21:57:19 2017
 -> fy4a_agri_ndisk_1047_l2_lst_20171119.ave.day.tif.png inserted.
Fri Dec  8 21:57:39 2017
 -> fy4a_agri_ndisk_1047_l2_lst_20171119.ave.day.tif inserted.
Fri Dec  8 21:57:39 2017
 -> fy4a_agri_ndisk_1047_l2_lst_20171119.ave.day.tif.png.asia.png inserted.
Fri Dec  8 21:57:58 2017
 -> fy4a_agri_ndisk_1047_l2_lst_20171119.ave.day.tif inserted.
Fri Dec  8 21:57:59 2017
 -> fy4a_agri_ndisk_1047_l2_lst_20171119.ave.day.tif.png.china.png inserted.
Fri Dec  8 21:58:47 2017
 -> fy4a_agri_ndisk_1047_l2_lst_20171201.ave.day.tif inserted.
Fri Dec  8 21:58:47 2017
 -> fy4a_agri_ndisk_1047_l2_lst_20171201.ave.day.tif.png inserted.
Fri Dec  8 21:59:07 2017
 -> fy4a_agri_ndisk_1047_l2_lst_20171201.ave.day.tif inserted.
Fri Dec  8 21:59:07 2017
 -> fy4a_agri_ndisk_1047_l2_lst_20171201.ave.day.tif.png.asia.png inserted.
Fri Dec  8 21:59:26 2017
 -> fy4a_agri_ndisk_1047_l2_lst_20171201.ave.day.tif inserted.
Fri Dec  8 21:59:26 2017
 -> fy4a_agri_ndisk_1047_l2_lst_20171201.ave.day.tif.png.china.png inserted.
Fri Dec  8 21:59:59 2017
 -> fy4a_agri_ndisk_1047_l2_lst_20171120.ave.day.tif inserted.
Fri Dec  8 21:59:59 2017
 -> fy4a_agri_ndisk_1047_l2_lst_20171120.ave.day.tif.png inserted.
Fri Dec  8 22:00:01 2017
 -> fy4a_agri_ndisk_1047_l2_lst_20171120.ave.day.tif inserted.
Fri Dec  8 22:00:01 2017
 -> fy4a_agri_ndisk_1047_l2_lst_20171120.ave.day.tif.png.asia.png inserted.
Fri Dec  8 22:10:03 2017
 -> fy4a_agri_ndisk_1047_l2_lst_20171207.ave.day.tif inserted.
Fri Dec  8 22:10:03 2017
 -> fy4a_agri_ndisk_1047_l2_lst_20171207.ave.day.tif.png inserted.
Fri Dec  8 22:10:23 2017
 -> fy4a_agri_ndisk_1047_l2_lst_20171207.ave.day.tif inserted.
Fri Dec  8 22:10:23 2017
 -> fy4a_agri_ndisk_1047_l2_lst_20171207.ave.day.tif.png.asia.png inserted.
Fri Dec  8 22:10:41 2017
 -> fy4a_agri_ndisk_1047_l2_lst_20171207.ave.day.tif inserted.
Fri Dec  8 22:10:41 2017
 -> fy4a_agri_ndisk_1047_l2_lst_20171207.ave.day.tif.png.china.png inserted.
Fri Dec  8 22:11:29 2017
 -> fy4a_agri_ndisk_1047_l2_lst_20171126.ave.day.tif inserted.
Fri Dec  8 22:11:29 2017
 -> fy4a_agri_ndisk_1047_l2_lst_20171126.ave.day.tif.png inserted.
Fri Dec  8 22:11:49 2017
 -> fy4a_agri_ndisk_1047_l2_lst_20171126.ave.day.tif inserted.
Fri Dec  8 22:11:49 2017
 -> fy4a_agri_ndisk_1047_l2_lst_20171126.ave.day.tif.png.asia.png inserted.
Fri Dec  8 22:12:08 2017
 -> fy4a_agri_ndisk_1047_l2_lst_20171126.ave.day.tif inserted.
Fri Dec  8 22:12:08 2017
 -> fy4a_agri_ndisk_1047_l2_lst_20171126.ave.day.tif.png.china.png inserted.
Fri Dec  8 22:12:58 2017
 -> fy4a_agri_ndisk_1047_l2_lst_20171117.ave.day.tif inserted.
Fri Dec  8 22:12:58 2017
 -> fy4a_agri_ndisk_1047_l2_lst_20171117.ave.day.tif.png inserted.
Fri Dec  8 22:13:18 2017
 -> fy4a_agri_ndisk_1047_l2_lst_20171117.ave.day.tif inserted.
Fri Dec  8 22:13:18 2017
 -> fy4a_agri_ndisk_1047_l2_lst_20171117.ave.day.tif.png.asia.png inserted.
Fri Dec  8 22:13:37 2017
 -> fy4a_agri_ndisk_1047_l2_lst_20171117.ave.day.tif inserted.
Fri Dec  8 22:13:37 2017
 -> fy4a_agri_ndisk_1047_l2_lst_20171117.ave.day.tif.png.china.png inserted.
Fri Dec  8 22:14:26 2017
 -> fy4a_agri_ndisk_1047_l2_lst_20171122.ave.day.tif inserted.
Fri Dec  8 22:14:26 2017
 -> fy4a_agri_ndisk_1047_l2_lst_20171122.ave.day.tif.png inserted.
Fri Dec  8 22:14:45 2017
 -> fy4a_agri_ndisk_1047_l2_lst_20171122.ave.day.tif inserted.
Fri Dec  8 22:14:46 2017
 -> fy4a_agri_ndisk_1047_l2_lst_20171122.ave.day.tif.png.asia.png inserted.
Fri Dec  8 22:15:05 2017
 -> fy4a_agri_ndisk_1047_l2_lst_20171122.ave.day.tif inserted.
Fri Dec  8 22:15:05 2017
 -> fy4a_agri_ndisk_1047_l2_lst_20171122.ave.day.tif.png.china.png inserted.
Fri Dec  8 22:15:53 2017
 -> fy4a_agri_ndisk_1047_l2_lst_20171203.ave.day.tif inserted.
Fri Dec  8 22:15:54 2017
 -> fy4a_agri_ndisk_1047_l2_lst_20171203.ave.day.tif.png inserted.
Fri Dec  8 22:16:13 2017
 -> fy4a_agri_ndisk_1047_l2_lst_20171203.ave.day.tif inserted.
Fri Dec  8 22:16:13 2017
 -> fy4a_agri_ndisk_1047_l2_lst_20171203.ave.day.tif.png.asia.png inserted.
Fri Dec  8 22:16:33 2017
 -> fy4a_agri_ndisk_1047_l2_lst_20171203.ave.day.tif inserted.
Fri Dec  8 22:16:33 2017
 -> fy4a_agri_ndisk_1047_l2_lst_20171203.ave.day.tif.png.china.png inserted.
Fri Dec  8 22:17:21 2017
 -> fy4a_agri_ndisk_1047_l2_lst_20171206.ave.day.tif inserted.
Fri Dec  8 22:17:22 2017
 -> fy4a_agri_ndisk_1047_l2_lst_20171206.ave.day.tif.png inserted.
Fri Dec  8 22:17:42 2017
 -> fy4a_agri_ndisk_1047_l2_lst_20171206.ave.day.tif inserted.
Fri Dec  8 22:17:42 2017
 -> fy4a_agri_ndisk_1047_l2_lst_20171206.ave.day.tif.png.asia.png inserted.
Fri Dec  8 22:18:01 2017
 -> fy4a_agri_ndisk_1047_l2_lst_20171206.ave.day.tif inserted.
Fri Dec  8 22:18:01 2017
 -> fy4a_agri_ndisk_1047_l2_lst_20171206.ave.day.tif.png.china.png inserted.
Fri Dec  8 22:18:49 2017
 -> fy4a_agri_ndisk_1047_l2_lst_20171125.ave.day.tif inserted.
Fri Dec  8 22:18:49 2017
 -> fy4a_agri_ndisk_1047_l2_lst_20171125.ave.day.tif.png inserted.
Fri Dec  8 22:19:09 2017
 -> fy4a_agri_ndisk_1047_l2_lst_20171125.ave.day.tif inserted.
Fri Dec  8 22:19:09 2017
 -> fy4a_agri_ndisk_1047_l2_lst_20171125.ave.day.tif.png.asia.png inserted.
Fri Dec  8 22:19:28 2017
 -> fy4a_agri_ndisk_1047_l2_lst_20171125.ave.day.tif inserted.
Fri Dec  8 22:19:28 2017
 -> fy4a_agri_ndisk_1047_l2_lst_20171125.ave.day.tif.png.china.png inserted.
Fri Dec  8 22:20:14 2017
 -> fy4a_agri_ndisk_1047_l2_lst_20171116.ave.day.tif inserted.
Fri Dec  8 22:20:14 2017
 -> fy4a_agri_ndisk_1047_l2_lst_20171116.ave.day.tif.png inserted.
Fri Dec  8 22:20:33 2017
 -> fy4a_agri_ndisk_1047_l2_lst_20171116.ave.day.tif inserted.
Fri Dec  8 22:20:33 2017
 -> fy4a_agri_ndisk_1047_l2_lst_20171116.ave.day.tif.png.asia.png inserted.
Fri Dec  8 22:20:52 2017
 -> fy4a_agri_ndisk_1047_l2_lst_20171116.ave.day.tif inserted.
Fri Dec  8 22:20:52 2017
 -> fy4a_agri_ndisk_1047_l2_lst_20171116.ave.day.tif.png.china.png inserted.
Fri Dec  8 22:21:39 2017
 -> fy4a_agri_ndisk_1047_l2_lst_20171129.ave.day.tif inserted.
Fri Dec  8 22:21:39 2017
 -> fy4a_agri_ndisk_1047_l2_lst_20171129.ave.day.tif.png inserted.
Fri Dec  8 22:21:58 2017
 -> fy4a_agri_ndisk_1047_l2_lst_20171129.ave.day.tif inserted.
Fri Dec  8 22:21:59 2017
 -> fy4a_agri_ndisk_1047_l2_lst_20171129.ave.day.tif.png.asia.png inserted.
Fri Dec  8 22:22:18 2017
 -> fy4a_agri_ndisk_1047_l2_lst_20171129.ave.day.tif inserted.
Fri Dec  8 22:22:18 2017
 -> fy4a_agri_ndisk_1047_l2_lst_20171129.ave.day.tif.png.china.png inserted.
Fri Dec  8 22:23:09 2017
 -> fy4a_agri_ndisk_1047_l2_lst_20171130.ave.day.tif inserted.
Fri Dec  8 22:23:09 2017
 -> fy4a_agri_ndisk_1047_l2_lst_20171130.ave.day.tif.png inserted.
Fri Dec  8 22:23:28 2017
 -> fy4a_agri_ndisk_1047_l2_lst_20171130.ave.day.tif inserted.
Fri Dec  8 22:23:28 2017
 -> fy4a_agri_ndisk_1047_l2_lst_20171130.ave.day.tif.png.asia.png inserted.
Fri Dec  8 22:23:47 2017
 -> fy4a_agri_ndisk_1047_l2_lst_20171130.ave.day.tif inserted.
Fri Dec  8 22:23:47 2017
 -> fy4a_agri_ndisk_1047_l2_lst_20171130.ave.day.tif.png.china.png inserted.
Fri Dec  8 22:24:35 2017
 -> fy4a_agri_ndisk_1047_l2_lst_20171202.ave.day.tif inserted.
Fri Dec  8 22:24:35 2017
 -> fy4a_agri_ndisk_1047_l2_lst_20171202.ave.day.tif.png inserted.
Fri Dec  8 22:24:55 2017
 -> fy4a_agri_ndisk_1047_l2_lst_20171202.ave.day.tif inserted.
Fri Dec  8 22:24:55 2017
 -> fy4a_agri_ndisk_1047_l2_lst_20171202.ave.day.tif.png.asia.png inserted.
Fri Dec  8 22:25:14 2017
 -> fy4a_agri_ndisk_1047_l2_lst_20171202.ave.day.tif inserted.
Fri Dec  8 22:25:14 2017
 -> fy4a_agri_ndisk_1047_l2_lst_20171202.ave.day.tif.png.china.png inserted.
Fri Dec  8 22:26:05 2017
 -> fy4a_agri_ndisk_1047_l2_lst_20171121.ave.day.tif inserted.
Fri Dec  8 22:26:05 2017
 -> fy4a_agri_ndisk_1047_l2_lst_20171121.ave.day.tif.png inserted.
Fri Dec  8 22:26:25 2017
 -> fy4a_agri_ndisk_1047_l2_lst_20171121.ave.day.tif inserted.
Fri Dec  8 22:26:25 2017
 -> fy4a_agri_ndisk_1047_l2_lst_20171121.ave.day.tif.png.asia.png inserted.
Fri Dec  8 22:26:44 2017
 -> fy4a_agri_ndisk_1047_l2_lst_20171121.ave.day.tif inserted.
Fri Dec  8 22:26:44 2017
 -> fy4a_agri_ndisk_1047_l2_lst_20171121.ave.day.tif.png.china.png inserted.
Fri Dec  8 22:27:34 2017
 -> fy4a_agri_ndisk_1047_l2_lst_20171127.ave.day.tif inserted.
Fri Dec  8 22:27:34 2017
 -> fy4a_agri_ndisk_1047_l2_lst_20171127.ave.day.tif.png inserted.
Fri Dec  8 22:27:53 2017
 -> fy4a_agri_ndisk_1047_l2_lst_20171127.ave.day.tif inserted.
Fri Dec  8 22:27:53 2017
 -> fy4a_agri_ndisk_1047_l2_lst_20171127.ave.day.tif.png.asia.png inserted.
Fri Dec  8 22:28:12 2017
 -> fy4a_agri_ndisk_1047_l2_lst_20171127.ave.day.tif inserted.
Fri Dec  8 22:28:12 2017
 -> fy4a_agri_ndisk_1047_l2_lst_20171127.ave.day.tif.png.china.png inserted.
Fri Dec  8 22:29:00 2017
 -> fy4a_agri_ndisk_1047_l2_lst_20171118.ave.day.tif inserted.
Fri Dec  8 22:29:01 2017
 -> fy4a_agri_ndisk_1047_l2_lst_20171118.ave.day.tif.png inserted.
Fri Dec  8 22:29:20 2017
 -> fy4a_agri_ndisk_1047_l2_lst_20171118.ave.day.tif inserted.
Fri Dec  8 22:29:20 2017
 -> fy4a_agri_ndisk_1047_l2_lst_20171118.ave.day.tif.png.asia.png inserted.
Fri Dec  8 22:29:39 2017
 -> fy4a_agri_ndisk_1047_l2_lst_20171118.ave.day.tif inserted.
Fri Dec  8 22:29:39 2017
 -> fy4a_agri_ndisk_1047_l2_lst_20171118.ave.day.tif.png.china.png inserted.
Fri Dec  8 22:30:30 2017
 -> fy4a_agri_ndisk_1047_l2_lst_20171123.ave.day.tif inserted.
Fri Dec  8 22:30:30 2017
 -> fy4a_agri_ndisk_1047_l2_lst_20171123.ave.day.tif.png inserted.
Fri Dec  8 22:30:49 2017
 -> fy4a_agri_ndisk_1047_l2_lst_20171123.ave.day.tif inserted.
Fri Dec  8 22:30:49 2017
 -> fy4a_agri_ndisk_1047_l2_lst_20171123.ave.day.tif.png.asia.png inserted.
Fri Dec  8 22:31:08 2017
 -> fy4a_agri_ndisk_1047_l2_lst_20171123.ave.day.tif inserted.
Fri Dec  8 22:31:08 2017
 -> fy4a_agri_ndisk_1047_l2_lst_20171123.ave.day.tif.png.china.png inserted.
Fri Dec  8 22:31:58 2017
 -> fy4a_agri_ndisk_1047_l2_lst_20171204.ave.day.tif inserted.
Fri Dec  8 22:31:58 2017
 -> fy4a_agri_ndisk_1047_l2_lst_20171204.ave.day.tif.png inserted.
Fri Dec  8 22:32:17 2017
 -> fy4a_agri_ndisk_1047_l2_lst_20171204.ave.day.tif inserted.
Fri Dec  8 22:32:17 2017
 -> fy4a_agri_ndisk_1047_l2_lst_20171204.ave.day.tif.png.asia.png inserted.
Fri Dec  8 22:32:36 2017
 -> fy4a_agri_ndisk_1047_l2_lst_20171204.ave.day.tif inserted.
Fri Dec  8 22:32:36 2017
 -> fy4a_agri_ndisk_1047_l2_lst_20171204.ave.day.tif.png.china.png inserted.
