Wed Dec  6 18:21:20 2017
 -> fy4a_agri_ndisk_1047_l2_sst_20170809.ave.day.tif inserted.
Wed Dec  6 18:21:20 2017
 -> fy4a_agri_ndisk_1047_l2_sst_20170809.ave.day.tif.png inserted.
Wed Dec  6 18:22:02 2017
 -> fy4a_agri_ndisk_1047_l2_sst_20170926.ave.day.tif inserted.
Wed Dec  6 18:22:02 2017
 -> fy4a_agri_ndisk_1047_l2_sst_20170926.ave.day.tif.png inserted.
Wed Dec  6 18:22:46 2017
 -> fy4a_agri_ndisk_1047_l2_sst_20170827.ave.day.tif inserted.
Wed Dec  6 18:22:46 2017
 -> fy4a_agri_ndisk_1047_l2_sst_20170827.ave.day.tif.png inserted.
Wed Dec  6 18:22:50 2017
 -> fy4a_agri_ndisk_1047_l2_sst_20170908.ave.day.tif inserted.
Wed Dec  6 18:22:50 2017
 -> fy4a_agri_ndisk_1047_l2_sst_20170908.ave.day.tif.png inserted.
Wed Dec  6 18:22:51 2017
 -> fy4a_agri_ndisk_1047_l2_sst_20170629.ave.day.tif inserted.
Wed Dec  6 18:22:51 2017
 -> fy4a_agri_ndisk_1047_l2_sst_20170629.ave.day.tif.png inserted.
Wed Dec  6 18:22:52 2017
 -> fy4a_agri_ndisk_1047_l2_sst_20170818.ave.day.tif inserted.
Wed Dec  6 18:22:52 2017
 -> fy4a_agri_ndisk_1047_l2_sst_20170818.ave.day.tif.png inserted.
Wed Dec  6 18:22:52 2017
 -> fy4a_agri_ndisk_1047_l2_sst_20170801.ave.day.tif inserted.
Wed Dec  6 18:22:52 2017
 -> fy4a_agri_ndisk_1047_l2_sst_20170801.ave.day.tif.png inserted.
Wed Dec  6 18:22:53 2017
 -> fy4a_agri_ndisk_1047_l2_sst_20171017.ave.day.tif inserted.
Wed Dec  6 18:22:53 2017
 -> fy4a_agri_ndisk_1047_l2_sst_20171017.ave.day.tif.png inserted.
Wed Dec  6 18:22:53 2017
 -> fy4a_agri_ndisk_1047_l2_sst_20170603.ave.day.tif inserted.
Wed Dec  6 18:22:53 2017
 -> fy4a_agri_ndisk_1047_l2_sst_20170603.ave.day.tif.png inserted.
Wed Dec  6 18:22:53 2017
 -> fy4a_agri_ndisk_1047_l2_sst_20170621.ave.day.tif inserted.
Wed Dec  6 18:22:53 2017
 -> fy4a_agri_ndisk_1047_l2_sst_20170621.ave.day.tif.png inserted.
Wed Dec  6 18:24:27 2017
 -> fy4a_agri_ndisk_1047_l2_sst_20170810.ave.day.tif inserted.
Wed Dec  6 18:24:27 2017
 -> fy4a_agri_ndisk_1047_l2_sst_20170810.ave.day.tif.png inserted.
Wed Dec  6 18:24:41 2017
 -> fy4a_agri_ndisk_1047_l2_sst_20170531.ave.day.tif inserted.
Wed Dec  6 18:24:41 2017
 -> fy4a_agri_ndisk_1047_l2_sst_20170531.ave.day.tif.png inserted.
Wed Dec  6 18:24:41 2017
 -> fy4a_agri_ndisk_1047_l2_sst_20170612.ave.day.tif inserted.
Wed Dec  6 18:24:41 2017
 -> fy4a_agri_ndisk_1047_l2_sst_20170612.ave.day.tif.png inserted.
Wed Dec  6 18:24:41 2017
 -> fy4a_agri_ndisk_1047_l2_sst_20171008.ave.day.tif inserted.
Wed Dec  6 18:24:41 2017
 -> fy4a_agri_ndisk_1047_l2_sst_20171008.ave.day.tif.png inserted.
Wed Dec  6 18:24:42 2017
 -> fy4a_agri_ndisk_1047_l2_sst_20170630.ave.day.tif inserted.
Wed Dec  6 18:24:42 2017
 -> fy4a_agri_ndisk_1047_l2_sst_20170630.ave.day.tif.png inserted.
Wed Dec  6 18:24:42 2017
 -> fy4a_agri_ndisk_1047_l2_sst_20171013.ave.day.tif inserted.
Wed Dec  6 18:24:42 2017
 -> fy4a_agri_ndisk_1047_l2_sst_20171013.ave.day.tif.png inserted.
Wed Dec  6 18:24:42 2017
 -> fy4a_agri_ndisk_1047_l2_sst_20171004.ave.day.tif inserted.
Wed Dec  6 18:24:42 2017
 -> fy4a_agri_ndisk_1047_l2_sst_20171004.ave.day.tif.png inserted.
Wed Dec  6 18:24:43 2017
 -> fy4a_agri_ndisk_1047_l2_sst_20170805.ave.day.tif inserted.
Wed Dec  6 18:24:43 2017
 -> fy4a_agri_ndisk_1047_l2_sst_20170805.ave.day.tif.png inserted.
Wed Dec  6 18:24:43 2017
 -> fy4a_agri_ndisk_1047_l2_sst_20170922.ave.day.tif inserted.
Wed Dec  6 18:24:43 2017
 -> fy4a_agri_ndisk_1047_l2_sst_20170922.ave.day.tif.png inserted.
Wed Dec  6 18:24:43 2017
 -> fy4a_agri_ndisk_1047_l2_sst_20170607.ave.day.tif inserted.
Wed Dec  6 18:24:43 2017
 -> fy4a_agri_ndisk_1047_l2_sst_20170607.ave.day.tif.png inserted.
Wed Dec  6 18:24:44 2017
 -> fy4a_agri_ndisk_1047_l2_sst_20170526.ave.day.tif inserted.
Wed Dec  6 18:24:44 2017
 -> fy4a_agri_ndisk_1047_l2_sst_20170526.ave.day.tif.png inserted.
Wed Dec  6 18:24:44 2017
 -> fy4a_agri_ndisk_1047_l2_sst_20170904.ave.day.tif inserted.
Wed Dec  6 18:24:44 2017
 -> fy4a_agri_ndisk_1047_l2_sst_20170904.ave.day.tif.png inserted.
Wed Dec  6 18:24:44 2017
 -> fy4a_agri_ndisk_1047_l2_sst_20170823.ave.day.tif inserted.
Wed Dec  6 18:24:44 2017
 -> fy4a_agri_ndisk_1047_l2_sst_20170823.ave.day.tif.png inserted.
Wed Dec  6 18:24:45 2017
 -> fy4a_agri_ndisk_1047_l2_sst_20170625.ave.day.tif inserted.
Wed Dec  6 18:24:45 2017
 -> fy4a_agri_ndisk_1047_l2_sst_20170625.ave.day.tif.png inserted.
Wed Dec  6 18:24:45 2017
 -> fy4a_agri_ndisk_1047_l2_sst_20170814.ave.day.tif inserted.
Wed Dec  6 18:24:45 2017
 -> fy4a_agri_ndisk_1047_l2_sst_20170814.ave.day.tif.png inserted.
Wed Dec  6 18:24:45 2017
 -> fy4a_agri_ndisk_1047_l2_sst_20170616.ave.day.tif inserted.
Wed Dec  6 18:24:45 2017
 -> fy4a_agri_ndisk_1047_l2_sst_20170616.ave.day.tif.png inserted.
Wed Dec  6 18:24:46 2017
 -> fy4a_agri_ndisk_1047_l2_sst_20170913.ave.day.tif inserted.
Wed Dec  6 18:24:46 2017
 -> fy4a_agri_ndisk_1047_l2_sst_20170913.ave.day.tif.png inserted.
Wed Dec  6 18:24:46 2017
 -> fy4a_agri_ndisk_1047_l2_sst_20171011.ave.day.tif inserted.
Wed Dec  6 18:24:46 2017
 -> fy4a_agri_ndisk_1047_l2_sst_20171011.ave.day.tif.png inserted.
Wed Dec  6 18:24:47 2017
 -> fy4a_agri_ndisk_1047_l2_sst_20171002.ave.day.tif inserted.
Wed Dec  6 18:24:47 2017
 -> fy4a_agri_ndisk_1047_l2_sst_20171002.ave.day.tif.png inserted.
Wed Dec  6 18:24:50 2017
 -> fy4a_agri_ndisk_1047_l2_sst_20170609.ave.day.tif inserted.
Wed Dec  6 18:24:50 2017
 -> fy4a_agri_ndisk_1047_l2_sst_20170609.ave.day.tif.png inserted.
Wed Dec  6 18:24:50 2017
 -> fy4a_agri_ndisk_1047_l2_sst_20170924.ave.day.tif inserted.
Wed Dec  6 18:24:50 2017
 -> fy4a_agri_ndisk_1047_l2_sst_20170924.ave.day.tif.png inserted.
Wed Dec  6 18:29:23 2017
 -> fy4a_agri_ndisk_1047_l2_sst_20170926.ave.day.tif inserted.
Wed Dec  6 18:29:23 2017
 -> fy4a_agri_ndisk_1047_l2_sst_20170926.ave.day.tif.png inserted.
Wed Dec  6 18:29:25 2017
 -> fy4a_agri_ndisk_1047_l2_sst_20170827.ave.day.tif inserted.
Wed Dec  6 18:29:25 2017
 -> fy4a_agri_ndisk_1047_l2_sst_20170827.ave.day.tif.png inserted.
Wed Dec  6 18:29:26 2017
 -> fy4a_agri_ndisk_1047_l2_sst_20170908.ave.day.tif inserted.
Wed Dec  6 18:29:26 2017
 -> fy4a_agri_ndisk_1047_l2_sst_20170908.ave.day.tif.png inserted.
Wed Dec  6 18:29:26 2017
 -> fy4a_agri_ndisk_1047_l2_sst_20170629.ave.day.tif inserted.
Wed Dec  6 18:29:26 2017
 -> fy4a_agri_ndisk_1047_l2_sst_20170629.ave.day.tif.png inserted.
Wed Dec  6 18:29:26 2017
 -> fy4a_agri_ndisk_1047_l2_sst_20170818.ave.day.tif inserted.
Wed Dec  6 18:29:26 2017
 -> fy4a_agri_ndisk_1047_l2_sst_20170818.ave.day.tif.png inserted.
Wed Dec  6 18:29:27 2017
 -> fy4a_agri_ndisk_1047_l2_sst_20170801.ave.day.tif inserted.
Wed Dec  6 18:29:27 2017
 -> fy4a_agri_ndisk_1047_l2_sst_20170801.ave.day.tif.png inserted.
Wed Dec  6 18:29:27 2017
 -> fy4a_agri_ndisk_1047_l2_sst_20171017.ave.day.tif inserted.
Wed Dec  6 18:29:28 2017
 -> fy4a_agri_ndisk_1047_l2_sst_20170603.ave.day.tif inserted.
Wed Dec  6 18:29:28 2017
 -> fy4a_agri_ndisk_1047_l2_sst_20170603.ave.day.tif.png inserted.
Wed Dec  6 18:29:28 2017
 -> fy4a_agri_ndisk_1047_l2_sst_20170621.ave.day.tif inserted.
Wed Dec  6 18:29:29 2017
 -> fy4a_agri_ndisk_1047_l2_sst_20170810.ave.day.tif inserted.
Wed Dec  6 18:29:29 2017
 -> fy4a_agri_ndisk_1047_l2_sst_20170810.ave.day.tif.png inserted.
Wed Dec  6 18:29:29 2017
 -> fy4a_agri_ndisk_1047_l2_sst_20170531.ave.day.tif inserted.
Wed Dec  6 18:29:29 2017
 -> fy4a_agri_ndisk_1047_l2_sst_20170531.ave.day.tif.png inserted.
Wed Dec  6 18:29:30 2017
 -> fy4a_agri_ndisk_1047_l2_sst_20170612.ave.day.tif inserted.
Wed Dec  6 18:29:30 2017
 -> fy4a_agri_ndisk_1047_l2_sst_20170612.ave.day.tif.png inserted.
Wed Dec  6 18:29:30 2017
 -> fy4a_agri_ndisk_1047_l2_sst_20171008.ave.day.tif inserted.
Wed Dec  6 18:29:30 2017
 -> fy4a_agri_ndisk_1047_l2_sst_20171008.ave.day.tif.png inserted.
Wed Dec  6 18:31:22 2017
 -> fy4a_agri_ndisk_1047_l2_sst_20170904.ave.day.tif inserted.
Wed Dec  6 18:31:22 2017
 -> fy4a_agri_ndisk_1047_l2_sst_20170904.ave.day.tif.png inserted.
Wed Dec  6 18:32:10 2017
 -> fy4a_agri_ndisk_1047_l2_sst_20171002.ave.day.tif inserted.
Wed Dec  6 18:32:10 2017
 -> fy4a_agri_ndisk_1047_l2_sst_20171002.ave.day.tif.png inserted.
Wed Dec  6 18:32:55 2017
 -> fy4a_agri_ndisk_1047_l2_sst_20170928.ave.day.tif inserted.
Wed Dec  6 18:32:55 2017
 -> fy4a_agri_ndisk_1047_l2_sst_20170928.ave.day.tif.png inserted.
Wed Dec  6 18:32:56 2017
 -> fy4a_agri_ndisk_1047_l2_sst_20170829.ave.day.tif inserted.
Wed Dec  6 18:32:56 2017
 -> fy4a_agri_ndisk_1047_l2_sst_20170829.ave.day.tif.png inserted.
Wed Dec  6 18:32:56 2017
 -> fy4a_agri_ndisk_1047_l2_sst_20170919.ave.day.tif inserted.
Wed Dec  6 18:32:56 2017
 -> fy4a_agri_ndisk_1047_l2_sst_20170919.ave.day.tif.png inserted.
Wed Dec  6 18:32:57 2017
 -> fy4a_agri_ndisk_1047_l2_sst_20170803.ave.day.tif inserted.
Wed Dec  6 18:32:57 2017
 -> fy4a_agri_ndisk_1047_l2_sst_20170803.ave.day.tif.png inserted.
Wed Dec  6 18:32:58 2017
 -> fy4a_agri_ndisk_1047_l2_sst_20170821.ave.day.tif inserted.
Wed Dec  6 18:32:58 2017
 -> fy4a_agri_ndisk_1047_l2_sst_20170821.ave.day.tif.png inserted.
Wed Dec  6 18:32:58 2017
 -> fy4a_agri_ndisk_1047_l2_sst_20170902.ave.day.tif inserted.
Wed Dec  6 18:32:58 2017
 -> fy4a_agri_ndisk_1047_l2_sst_20170902.ave.day.tif.png inserted.
Wed Dec  6 18:32:59 2017
 -> fy4a_agri_ndisk_1047_l2_sst_20170623.ave.day.tif inserted.
Wed Dec  6 18:32:59 2017
 -> fy4a_agri_ndisk_1047_l2_sst_20170623.ave.day.tif.png inserted.
Wed Dec  6 18:32:59 2017
 -> fy4a_agri_ndisk_1047_l2_sst_20170812.ave.day.tif inserted.
Wed Dec  6 18:33:00 2017
 -> fy4a_agri_ndisk_1047_l2_sst_20170614.ave.day.tif inserted.
Wed Dec  6 18:33:00 2017
 -> fy4a_agri_ndisk_1047_l2_sst_20170614.ave.day.tif.png inserted.
Wed Dec  6 18:33:00 2017
 -> fy4a_agri_ndisk_1047_l2_sst_20170830.ave.day.tif inserted.
Wed Dec  6 18:33:00 2017
 -> fy4a_agri_ndisk_1047_l2_sst_20170830.ave.day.tif.png inserted.
Wed Dec  6 18:33:00 2017
 -> fy4a_agri_ndisk_1047_l2_sst_20170911.ave.day.tif inserted.
Wed Dec  6 18:33:00 2017
 -> fy4a_agri_ndisk_1047_l2_sst_20170911.ave.day.tif.png inserted.
Wed Dec  6 18:33:01 2017
 -> fy4a_agri_ndisk_1047_l2_sst_20170601.ave.day.tif inserted.
Wed Dec  6 18:33:01 2017
 -> fy4a_agri_ndisk_1047_l2_sst_20170601.ave.day.tif.png inserted.
Wed Dec  6 18:33:01 2017
 -> fy4a_agri_ndisk_1047_l2_sst_20171015.ave.day.tif inserted.
Wed Dec  6 18:33:01 2017
 -> fy4a_agri_ndisk_1047_l2_sst_20171015.ave.day.tif.png inserted.
Wed Dec  6 18:33:02 2017
 -> fy4a_agri_ndisk_1047_l2_sst_20170610.ave.day.tif inserted.
Wed Dec  6 18:33:02 2017
 -> fy4a_agri_ndisk_1047_l2_sst_20170610.ave.day.tif.png inserted.
Wed Dec  6 18:33:02 2017
 -> fy4a_agri_ndisk_1047_l2_sst_20171006.ave.day.tif inserted.
Wed Dec  6 18:33:02 2017
 -> fy4a_agri_ndisk_1047_l2_sst_20171006.ave.day.tif.png inserted.
Wed Dec  6 18:34:40 2017
 -> fy4a_agri_ndisk_1047_l2_sst_20170809.ave.day.tif inserted.
Wed Dec  6 18:34:40 2017
 -> fy4a_agri_ndisk_1047_l2_sst_20170809.ave.day.tif.png inserted.
Wed Dec  6 18:35:34 2017
 -> fy4a_agri_ndisk_1047_l2_sst_20170926.ave.day.tif inserted.
Wed Dec  6 18:35:34 2017
 -> fy4a_agri_ndisk_1047_l2_sst_20170926.ave.day.tif.png inserted.
Wed Dec  6 18:36:29 2017
 -> fy4a_agri_ndisk_1047_l2_sst_20170827.ave.day.tif inserted.
Wed Dec  6 18:36:29 2017
 -> fy4a_agri_ndisk_1047_l2_sst_20170827.ave.day.tif.png inserted.
Wed Dec  6 18:37:30 2017
 -> fy4a_agri_ndisk_1047_l2_sst_20170908.ave.day.tif inserted.
Wed Dec  6 18:37:30 2017
 -> fy4a_agri_ndisk_1047_l2_sst_20170908.ave.day.tif.png inserted.
Wed Dec  6 18:38:30 2017
 -> fy4a_agri_ndisk_1047_l2_sst_20170629.ave.day.tif inserted.
Wed Dec  6 18:38:30 2017
 -> fy4a_agri_ndisk_1047_l2_sst_20170629.ave.day.tif.png inserted.
Wed Dec  6 18:39:25 2017
 -> fy4a_agri_ndisk_1047_l2_sst_20170818.ave.day.tif inserted.
Wed Dec  6 18:39:25 2017
 -> fy4a_agri_ndisk_1047_l2_sst_20170818.ave.day.tif.png inserted.
Wed Dec  6 18:40:19 2017
 -> fy4a_agri_ndisk_1047_l2_sst_20170801.ave.day.tif inserted.
Wed Dec  6 18:40:19 2017
 -> fy4a_agri_ndisk_1047_l2_sst_20170801.ave.day.tif.png inserted.
Wed Dec  6 18:41:17 2017
 -> fy4a_agri_ndisk_1047_l2_sst_20171017.ave.day.tif inserted.
Wed Dec  6 18:41:17 2017
 -> fy4a_agri_ndisk_1047_l2_sst_20171017.ave.day.tif.png inserted.
Wed Dec  6 18:42:11 2017
 -> fy4a_agri_ndisk_1047_l2_sst_20170603.ave.day.tif inserted.
Wed Dec  6 18:42:11 2017
 -> fy4a_agri_ndisk_1047_l2_sst_20170603.ave.day.tif.png inserted.
Wed Dec  6 18:43:09 2017
 -> fy4a_agri_ndisk_1047_l2_sst_20170621.ave.day.tif inserted.
Wed Dec  6 18:43:09 2017
 -> fy4a_agri_ndisk_1047_l2_sst_20170621.ave.day.tif.png inserted.
Wed Dec  6 18:44:05 2017
 -> fy4a_agri_ndisk_1047_l2_sst_20170810.ave.day.tif inserted.
Wed Dec  6 18:44:05 2017
 -> fy4a_agri_ndisk_1047_l2_sst_20170810.ave.day.tif.png inserted.
Wed Dec  6 18:45:00 2017
 -> fy4a_agri_ndisk_1047_l2_sst_20170531.ave.day.tif inserted.
Wed Dec  6 18:45:00 2017
 -> fy4a_agri_ndisk_1047_l2_sst_20170531.ave.day.tif.png inserted.
Wed Dec  6 18:45:55 2017
 -> fy4a_agri_ndisk_1047_l2_sst_20170612.ave.day.tif inserted.
Wed Dec  6 18:45:55 2017
 -> fy4a_agri_ndisk_1047_l2_sst_20170612.ave.day.tif.png inserted.
Wed Dec  6 18:46:24 2017
 -> fy4a_agri_ndisk_1047_l2_sst_20171008.ave.day.tif inserted.
Wed Dec  6 18:46:24 2017
 -> fy4a_agri_ndisk_1047_l2_sst_20171008.ave.day.tif.png inserted.
Wed Dec  6 20:11:07 2017
 -> fy4a_agri_ndisk_1047_olr_20170821.ave.day.tif inserted.
Wed Dec  6 20:11:07 2017
 -> fy4a_agri_ndisk_1047_olr_20170821.ave.day.tif.png inserted.
Wed Dec  6 20:12:16 2017
 -> fy4a_agri_ndisk_1047_olr_20170920.ave.day.tif inserted.
Wed Dec  6 20:12:16 2017
 -> fy4a_agri_ndisk_1047_olr_20170920.ave.day.tif.png inserted.
Wed Dec  6 20:14:50 2017
 -> fy4a_agri_ndisk_1047_olr_20170821.ave.day.tif inserted.
Wed Dec  6 20:14:51 2017
 -> fy4a_agri_ndisk_1047_olr_20170821.ave.day.tif.png inserted.
Wed Dec  6 20:16:03 2017
 -> fy4a_agri_ndisk_1047_olr_20170920.ave.day.tif inserted.
Wed Dec  6 20:16:03 2017
 -> fy4a_agri_ndisk_1047_olr_20170920.ave.day.tif.png inserted.
Wed Dec  6 20:17:15 2017
 -> fy4a_agri_ndisk_1047_olr_20170919.ave.day.tif inserted.
Wed Dec  6 20:17:15 2017
 -> fy4a_agri_ndisk_1047_olr_20170919.ave.day.tif.png inserted.
Wed Dec  6 20:18:26 2017
 -> fy4a_agri_ndisk_1047_olr_20170928.ave.day.tif inserted.
Wed Dec  6 20:18:26 2017
 -> fy4a_agri_ndisk_1047_olr_20170928.ave.day.tif.png inserted.
Wed Dec  6 20:19:39 2017
 -> fy4a_agri_ndisk_1047_olr_20171011.ave.day.tif inserted.
Wed Dec  6 20:19:39 2017
 -> fy4a_agri_ndisk_1047_olr_20171011.ave.day.tif.png inserted.
Wed Dec  6 20:20:47 2017
 -> fy4a_agri_ndisk_1047_olr_20171002.ave.day.tif inserted.
Wed Dec  6 20:20:47 2017
 -> fy4a_agri_ndisk_1047_olr_20171002.ave.day.tif.png inserted.
Wed Dec  6 20:22:00 2017
 -> fy4a_agri_ndisk_1047_olr_20170816.ave.day.tif inserted.
Wed Dec  6 20:22:00 2017
 -> fy4a_agri_ndisk_1047_olr_20170816.ave.day.tif.png inserted.
Wed Dec  6 20:23:14 2017
 -> fy4a_agri_ndisk_1047_olr_20170825.ave.day.tif inserted.
Wed Dec  6 20:23:14 2017
 -> fy4a_agri_ndisk_1047_olr_20170825.ave.day.tif.png inserted.
Wed Dec  6 20:24:29 2017
 -> fy4a_agri_ndisk_1047_olr_20170924.ave.day.tif inserted.
Wed Dec  6 20:24:29 2017
 -> fy4a_agri_ndisk_1047_olr_20170924.ave.day.tif.png inserted.
Wed Dec  6 20:25:39 2017
 -> fy4a_agri_ndisk_1047_olr_20171006.ave.day.tif inserted.
Wed Dec  6 20:25:39 2017
 -> fy4a_agri_ndisk_1047_olr_20171006.ave.day.tif.png inserted.
Wed Dec  6 20:26:52 2017
 -> fy4a_agri_ndisk_1047_olr_20170823.ave.day.tif inserted.
Wed Dec  6 20:26:52 2017
 -> fy4a_agri_ndisk_1047_olr_20170823.ave.day.tif.png inserted.
Wed Dec  6 20:28:09 2017
 -> fy4a_agri_ndisk_1047_olr_20170922.ave.day.tif inserted.
Wed Dec  6 20:28:09 2017
 -> fy4a_agri_ndisk_1047_olr_20170922.ave.day.tif.png inserted.
Wed Dec  6 20:29:08 2017
 -> fy4a_agri_ndisk_1047_olr_20171004.ave.day.tif inserted.
Wed Dec  6 20:29:08 2017
 -> fy4a_agri_ndisk_1047_olr_20171004.ave.day.tif.png inserted.
Wed Dec  6 20:30:06 2017
 -> fy4a_agri_ndisk_1047_olr_20170818.ave.day.tif inserted.
Wed Dec  6 20:30:06 2017
 -> fy4a_agri_ndisk_1047_olr_20170818.ave.day.tif.png inserted.
Wed Dec  6 20:31:07 2017
 -> fy4a_agri_ndisk_1047_olr_20170827.ave.day.tif inserted.
Wed Dec  6 20:31:07 2017
 -> fy4a_agri_ndisk_1047_olr_20170827.ave.day.tif.png inserted.
Wed Dec  6 20:32:07 2017
 -> fy4a_agri_ndisk_1047_olr_20170926.ave.day.tif inserted.
Wed Dec  6 20:32:07 2017
 -> fy4a_agri_ndisk_1047_olr_20170926.ave.day.tif.png inserted.
Wed Dec  6 20:33:09 2017
 -> fy4a_agri_ndisk_1047_olr_20171008.ave.day.tif inserted.
Wed Dec  6 20:33:09 2017
 -> fy4a_agri_ndisk_1047_olr_20171008.ave.day.tif.png inserted.
Wed Dec  6 20:34:08 2017
 -> fy4a_agri_ndisk_1047_olr_20170930.ave.day.tif inserted.
Wed Dec  6 20:34:08 2017
 -> fy4a_agri_ndisk_1047_olr_20170930.ave.day.tif.png inserted.
Wed Dec  6 20:35:12 2017
 -> fy4a_agri_ndisk_1047_olr_20170822.ave.day.tif inserted.
Wed Dec  6 20:35:13 2017
 -> fy4a_agri_ndisk_1047_olr_20170822.ave.day.tif.png inserted.
Wed Dec  6 20:35:36 2017
 -> fy4a_agri_ndisk_1047_l2_sst_20170926.ave.day.tif inserted.
Wed Dec  6 20:35:36 2017
 -> fy4a_agri_ndisk_1047_l2_sst_20170926.ave.day.tif.png inserted.
Wed Dec  6 20:36:12 2017
 -> fy4a_agri_ndisk_1047_olr_20170921.ave.day.tif inserted.
Wed Dec  6 20:36:12 2017
 -> fy4a_agri_ndisk_1047_olr_20170921.ave.day.tif.png inserted.
Wed Dec  6 20:36:39 2017
 -> fy4a_agri_ndisk_1047_l2_sst_20170827.ave.day.tif inserted.
Wed Dec  6 20:36:39 2017
 -> fy4a_agri_ndisk_1047_l2_sst_20170827.ave.day.tif.png inserted.
Wed Dec  6 20:37:10 2017
 -> fy4a_agri_ndisk_1047_olr_20170929.ave.day.tif inserted.
Wed Dec  6 20:37:10 2017
 -> fy4a_agri_ndisk_1047_olr_20170929.ave.day.tif.png inserted.
Wed Dec  6 20:37:40 2017
 -> fy4a_agri_ndisk_1047_l2_sst_20170908.ave.day.tif inserted.
Wed Dec  6 20:37:40 2017
 -> fy4a_agri_ndisk_1047_l2_sst_20170908.ave.day.tif.png inserted.
Wed Dec  6 20:38:09 2017
 -> fy4a_agri_ndisk_1047_olr_20171003.ave.day.tif inserted.
Wed Dec  6 20:38:09 2017
 -> fy4a_agri_ndisk_1047_olr_20171003.ave.day.tif.png inserted.
Wed Dec  6 20:38:17 2017
 -> fy4a_agri_ndisk_1047_l2_sst_20170818.ave.day.tif inserted.
Wed Dec  6 20:38:17 2017
 -> fy4a_agri_ndisk_1047_l2_sst_20170818.ave.day.tif.png inserted.
Wed Dec  6 20:38:19 2017
 -> fy4a_agri_ndisk_1047_l2_sst_20171017.ave.day.tif inserted.
Wed Dec  6 20:38:19 2017
 -> fy4a_agri_ndisk_1047_l2_sst_20171017.ave.day.tif.png inserted.
Wed Dec  6 20:38:19 2017
 -> fy4a_agri_ndisk_1047_l2_sst_20171008.ave.day.tif inserted.
Wed Dec  6 20:38:19 2017
 -> fy4a_agri_ndisk_1047_l2_sst_20171008.ave.day.tif.png inserted.
Wed Dec  6 20:38:20 2017
 -> fy4a_agri_ndisk_1047_l2_sst_20171013.ave.day.tif inserted.
Wed Dec  6 20:38:20 2017
 -> fy4a_agri_ndisk_1047_l2_sst_20171013.ave.day.tif.png inserted.
Wed Dec  6 20:38:20 2017
 -> fy4a_agri_ndisk_1047_l2_sst_20171004.ave.day.tif inserted.
Wed Dec  6 20:38:20 2017
 -> fy4a_agri_ndisk_1047_l2_sst_20171004.ave.day.tif.png inserted.
Wed Dec  6 20:38:21 2017
 -> fy4a_agri_ndisk_1047_l2_sst_20170922.ave.day.tif inserted.
Wed Dec  6 20:38:21 2017
 -> fy4a_agri_ndisk_1047_l2_sst_20170922.ave.day.tif.png inserted.
Wed Dec  6 20:38:21 2017
 -> fy4a_agri_ndisk_1047_l2_sst_20170904.ave.day.tif inserted.
Wed Dec  6 20:38:21 2017
 -> fy4a_agri_ndisk_1047_l2_sst_20170904.ave.day.tif.png inserted.
Wed Dec  6 20:39:08 2017
 -> fy4a_agri_ndisk_1047_olr_20170817.ave.day.tif inserted.
Wed Dec  6 20:39:08 2017
 -> fy4a_agri_ndisk_1047_olr_20170817.ave.day.tif.png inserted.
Wed Dec  6 20:40:08 2017
 -> fy4a_agri_ndisk_1047_olr_20170826.ave.day.tif inserted.
Wed Dec  6 20:40:08 2017
 -> fy4a_agri_ndisk_1047_olr_20170826.ave.day.tif.png inserted.
Wed Dec  6 20:41:06 2017
 -> fy4a_agri_ndisk_1047_olr_20170925.ave.day.tif inserted.
Wed Dec  6 20:41:06 2017
 -> fy4a_agri_ndisk_1047_olr_20170925.ave.day.tif.png inserted.
Wed Dec  6 20:42:05 2017
 -> fy4a_agri_ndisk_1047_olr_20171007.ave.day.tif inserted.
Wed Dec  6 20:42:05 2017
 -> fy4a_agri_ndisk_1047_olr_20171007.ave.day.tif.png inserted.
Wed Dec  6 20:42:29 2017
 -> fy4a_agri_ndisk_1047_l2_sst_20170926.ave.day.tif inserted.
Wed Dec  6 20:42:29 2017
 -> fy4a_agri_ndisk_1047_l2_sst_20170926.ave.day.tif.png inserted.
Wed Dec  6 20:43:04 2017
 -> fy4a_agri_ndisk_1047_olr_20170815.ave.day.tif inserted.
Wed Dec  6 20:43:04 2017
 -> fy4a_agri_ndisk_1047_olr_20170815.ave.day.tif.png inserted.
Wed Dec  6 20:43:31 2017
 -> fy4a_agri_ndisk_1047_l2_sst_20170827.ave.day.tif inserted.
Wed Dec  6 20:43:31 2017
 -> fy4a_agri_ndisk_1047_l2_sst_20170827.ave.day.tif.png inserted.
Wed Dec  6 20:44:02 2017
 -> fy4a_agri_ndisk_1047_olr_20170824.ave.day.tif inserted.
Wed Dec  6 20:44:02 2017
 -> fy4a_agri_ndisk_1047_olr_20170824.ave.day.tif.png inserted.
Wed Dec  6 20:44:33 2017
 -> fy4a_agri_ndisk_1047_l2_sst_20170908.ave.day.tif inserted.
Wed Dec  6 20:44:33 2017
 -> fy4a_agri_ndisk_1047_l2_sst_20170908.ave.day.tif.png inserted.
Wed Dec  6 20:45:02 2017
 -> fy4a_agri_ndisk_1047_olr_20170923.ave.day.tif inserted.
Wed Dec  6 20:45:02 2017
 -> fy4a_agri_ndisk_1047_olr_20170923.ave.day.tif.png inserted.
Wed Dec  6 20:45:31 2017
 -> fy4a_agri_ndisk_1047_l2_sst_20170818.ave.day.tif inserted.
Wed Dec  6 20:45:31 2017
 -> fy4a_agri_ndisk_1047_l2_sst_20170818.ave.day.tif.png inserted.
Wed Dec  6 20:46:03 2017
 -> fy4a_agri_ndisk_1047_olr_20171005.ave.day.tif inserted.
Wed Dec  6 20:46:03 2017
 -> fy4a_agri_ndisk_1047_olr_20171005.ave.day.tif.png inserted.
Wed Dec  6 20:46:31 2017
 -> fy4a_agri_ndisk_1047_l2_sst_20171017.ave.day.tif inserted.
Wed Dec  6 20:46:31 2017
 -> fy4a_agri_ndisk_1047_l2_sst_20171017.ave.day.tif.png inserted.
Wed Dec  6 20:47:04 2017
 -> fy4a_agri_ndisk_1047_olr_20170819.ave.day.tif inserted.
Wed Dec  6 20:47:04 2017
 -> fy4a_agri_ndisk_1047_olr_20170819.ave.day.tif.png inserted.
Wed Dec  6 20:47:33 2017
 -> fy4a_agri_ndisk_1047_l2_sst_20171008.ave.day.tif inserted.
Wed Dec  6 20:47:33 2017
 -> fy4a_agri_ndisk_1047_l2_sst_20171008.ave.day.tif.png inserted.
Wed Dec  6 20:48:05 2017
 -> fy4a_agri_ndisk_1047_olr_20170927.ave.day.tif inserted.
Wed Dec  6 20:48:05 2017
 -> fy4a_agri_ndisk_1047_olr_20170927.ave.day.tif.png inserted.
Wed Dec  6 20:48:35 2017
 -> fy4a_agri_ndisk_1047_l2_sst_20171013.ave.day.tif inserted.
Wed Dec  6 20:48:35 2017
 -> fy4a_agri_ndisk_1047_l2_sst_20171013.ave.day.tif.png inserted.
Wed Dec  6 20:49:06 2017
 -> fy4a_agri_ndisk_1047_olr_20171010.ave.day.tif inserted.
Wed Dec  6 20:49:06 2017
 -> fy4a_agri_ndisk_1047_olr_20171010.ave.day.tif.png inserted.
Wed Dec  6 20:49:34 2017
 -> fy4a_agri_ndisk_1047_l2_sst_20171004.ave.day.tif inserted.
Wed Dec  6 20:49:34 2017
 -> fy4a_agri_ndisk_1047_l2_sst_20171004.ave.day.tif.png inserted.
Wed Dec  6 20:50:05 2017
 -> fy4a_agri_ndisk_1047_olr_20171001.ave.day.tif inserted.
Wed Dec  6 20:50:05 2017
 -> fy4a_agri_ndisk_1047_olr_20171001.ave.day.tif.png inserted.
Wed Dec  6 20:50:36 2017
 -> fy4a_agri_ndisk_1047_l2_sst_20170922.ave.day.tif inserted.
Wed Dec  6 20:50:36 2017
 -> fy4a_agri_ndisk_1047_l2_sst_20170922.ave.day.tif.png inserted.
Wed Dec  6 20:51:04 2017
 -> fy4a_agri_ndisk_1047_olr_20170820.ave.day.tif inserted.
Wed Dec  6 20:51:04 2017
 -> fy4a_agri_ndisk_1047_olr_20170820.ave.day.tif.png inserted.
Wed Dec  6 20:51:39 2017
 -> fy4a_agri_ndisk_1047_l2_sst_20170904.ave.day.tif inserted.
Wed Dec  6 20:51:39 2017
 -> fy4a_agri_ndisk_1047_l2_sst_20170904.ave.day.tif.png inserted.
Wed Dec  6 20:52:06 2017
 -> fy4a_agri_ndisk_1047_olr_20171009.ave.day.tif inserted.
Wed Dec  6 20:52:06 2017
 -> fy4a_agri_ndisk_1047_olr_20171009.ave.day.tif.png inserted.
Wed Dec  6 20:52:39 2017
 -> fy4a_agri_ndisk_1047_l2_sst_20170823.ave.day.tif inserted.
Wed Dec  6 20:52:39 2017
 -> fy4a_agri_ndisk_1047_l2_sst_20170823.ave.day.tif.png inserted.
Wed Dec  6 20:53:40 2017
 -> fy4a_agri_ndisk_1047_l2_sst_20170913.ave.day.tif inserted.
Wed Dec  6 20:53:40 2017
 -> fy4a_agri_ndisk_1047_l2_sst_20170913.ave.day.tif.png inserted.
Wed Dec  6 20:54:42 2017
 -> fy4a_agri_ndisk_1047_l2_sst_20171011.ave.day.tif inserted.
Wed Dec  6 20:54:42 2017
 -> fy4a_agri_ndisk_1047_l2_sst_20171011.ave.day.tif.png inserted.
Wed Dec  6 20:55:45 2017
 -> fy4a_agri_ndisk_1047_l2_sst_20171002.ave.day.tif inserted.
Wed Dec  6 20:55:45 2017
 -> fy4a_agri_ndisk_1047_l2_sst_20171002.ave.day.tif.png inserted.
Wed Dec  6 20:56:46 2017
 -> fy4a_agri_ndisk_1047_l2_sst_20170928.ave.day.tif inserted.
Wed Dec  6 20:56:46 2017
 -> fy4a_agri_ndisk_1047_l2_sst_20170928.ave.day.tif.png inserted.
Wed Dec  6 20:57:48 2017
 -> fy4a_agri_ndisk_1047_l2_sst_20170829.ave.day.tif inserted.
Wed Dec  6 20:57:48 2017
 -> fy4a_agri_ndisk_1047_l2_sst_20170829.ave.day.tif.png inserted.
Wed Dec  6 20:58:49 2017
 -> fy4a_agri_ndisk_1047_l2_sst_20170919.ave.day.tif inserted.
Wed Dec  6 20:58:49 2017
 -> fy4a_agri_ndisk_1047_l2_sst_20170919.ave.day.tif.png inserted.
Wed Dec  6 20:59:50 2017
 -> fy4a_agri_ndisk_1047_l2_sst_20170920.ave.day.tif inserted.
Wed Dec  6 20:59:50 2017
 -> fy4a_agri_ndisk_1047_l2_sst_20170920.ave.day.tif.png inserted.
Wed Dec  6 21:00:52 2017
 -> fy4a_agri_ndisk_1047_l2_sst_20171019.ave.day.tif inserted.
Wed Dec  6 21:00:52 2017
 -> fy4a_agri_ndisk_1047_l2_sst_20171019.ave.day.tif.png inserted.
Wed Dec  6 21:01:51 2017
 -> fy4a_agri_ndisk_1047_l2_sst_20170821.ave.day.tif inserted.
Wed Dec  6 21:01:51 2017
 -> fy4a_agri_ndisk_1047_l2_sst_20170821.ave.day.tif.png inserted.
Wed Dec  6 21:02:51 2017
 -> fy4a_agri_ndisk_1047_l2_sst_20170902.ave.day.tif inserted.
Wed Dec  6 21:02:51 2017
 -> fy4a_agri_ndisk_1047_l2_sst_20170902.ave.day.tif.png inserted.
Wed Dec  6 21:03:51 2017
 -> fy4a_agri_ndisk_1047_l2_sst_20170830.ave.day.tif inserted.
Wed Dec  6 21:03:51 2017
 -> fy4a_agri_ndisk_1047_l2_sst_20170830.ave.day.tif.png inserted.
Wed Dec  6 21:04:51 2017
 -> fy4a_agri_ndisk_1047_l2_sst_20170911.ave.day.tif inserted.
Wed Dec  6 21:04:51 2017
 -> fy4a_agri_ndisk_1047_l2_sst_20170911.ave.day.tif.png inserted.
Wed Dec  6 21:05:51 2017
 -> fy4a_agri_ndisk_1047_l2_sst_20171015.ave.day.tif inserted.
Wed Dec  6 21:05:51 2017
 -> fy4a_agri_ndisk_1047_l2_sst_20171015.ave.day.tif.png inserted.
Wed Dec  6 21:06:48 2017
 -> fy4a_agri_ndisk_1047_l2_sst_20171006.ave.day.tif inserted.
Wed Dec  6 21:06:48 2017
 -> fy4a_agri_ndisk_1047_l2_sst_20171006.ave.day.tif.png inserted.
Wed Dec  6 21:07:47 2017
 -> fy4a_agri_ndisk_1047_l2_sst_20170924.ave.day.tif inserted.
Wed Dec  6 21:07:47 2017
 -> fy4a_agri_ndisk_1047_l2_sst_20170924.ave.day.tif.png inserted.
Wed Dec  6 21:08:47 2017
 -> fy4a_agri_ndisk_1047_l2_sst_20170906.ave.day.tif inserted.
Wed Dec  6 21:08:47 2017
 -> fy4a_agri_ndisk_1047_l2_sst_20170906.ave.day.tif.png inserted.
Wed Dec  6 21:09:47 2017
 -> fy4a_agri_ndisk_1047_l2_sst_20170825.ave.day.tif inserted.
Wed Dec  6 21:09:47 2017
 -> fy4a_agri_ndisk_1047_l2_sst_20170825.ave.day.tif.png inserted.
Wed Dec  6 21:10:47 2017
 -> fy4a_agri_ndisk_1047_l2_sst_20170915.ave.day.tif inserted.
Wed Dec  6 21:10:47 2017
 -> fy4a_agri_ndisk_1047_l2_sst_20170915.ave.day.tif.png inserted.
Wed Dec  6 21:11:47 2017
 -> fy4a_agri_ndisk_1047_l2_sst_20171010.ave.day.tif inserted.
Wed Dec  6 21:11:47 2017
 -> fy4a_agri_ndisk_1047_l2_sst_20171010.ave.day.tif.png inserted.
Wed Dec  6 21:12:50 2017
 -> fy4a_agri_ndisk_1047_l2_sst_20171001.ave.day.tif inserted.
Wed Dec  6 21:12:50 2017
 -> fy4a_agri_ndisk_1047_l2_sst_20171001.ave.day.tif.png inserted.
Wed Dec  6 21:13:50 2017
 -> fy4a_agri_ndisk_1047_l2_sst_20170927.ave.day.tif inserted.
Wed Dec  6 21:13:50 2017
 -> fy4a_agri_ndisk_1047_l2_sst_20170927.ave.day.tif.png inserted.
Wed Dec  6 21:14:51 2017
 -> fy4a_agri_ndisk_1047_l2_sst_20170828.ave.day.tif inserted.
Wed Dec  6 21:14:51 2017
 -> fy4a_agri_ndisk_1047_l2_sst_20170828.ave.day.tif.png inserted.
Wed Dec  6 21:15:53 2017
 -> fy4a_agri_ndisk_1047_l2_sst_20170909.ave.day.tif inserted.
Wed Dec  6 21:15:53 2017
 -> fy4a_agri_ndisk_1047_l2_sst_20170909.ave.day.tif.png inserted.
Wed Dec  6 21:16:52 2017
 -> fy4a_agri_ndisk_1047_l2_sst_20170819.ave.day.tif inserted.
Wed Dec  6 21:16:52 2017
 -> fy4a_agri_ndisk_1047_l2_sst_20170819.ave.day.tif.png inserted.
Wed Dec  6 21:17:47 2017
 -> fy4a_agri_ndisk_1047_l2_sst_20170918.ave.day.tif inserted.
Wed Dec  6 21:17:47 2017
 -> fy4a_agri_ndisk_1047_l2_sst_20170918.ave.day.tif.png inserted.
Wed Dec  6 21:18:49 2017
 -> fy4a_agri_ndisk_1047_l2_sst_20171018.ave.day.tif inserted.
Wed Dec  6 21:18:49 2017
 -> fy4a_agri_ndisk_1047_l2_sst_20171018.ave.day.tif.png inserted.
Wed Dec  6 21:19:48 2017
 -> fy4a_agri_ndisk_1047_l2_sst_20170604.ave.day.tif inserted.
Wed Dec  6 21:19:48 2017
 -> fy4a_agri_ndisk_1047_l2_sst_20170604.ave.day.tif.png inserted.
Wed Dec  6 21:20:49 2017
 -> fy4a_agri_ndisk_1047_l2_sst_20170802.ave.day.tif inserted.
Wed Dec  6 21:20:49 2017
 -> fy4a_agri_ndisk_1047_l2_sst_20170802.ave.day.tif.png inserted.
Wed Dec  6 21:21:52 2017
 -> fy4a_agri_ndisk_1047_l2_sst_20170622.ave.day.tif inserted.
Wed Dec  6 21:21:52 2017
 -> fy4a_agri_ndisk_1047_l2_sst_20170622.ave.day.tif.png inserted.
Wed Dec  6 21:22:50 2017
 -> fy4a_agri_ndisk_1047_l2_sst_20170901.ave.day.tif inserted.
Wed Dec  6 21:22:50 2017
 -> fy4a_agri_ndisk_1047_l2_sst_20170901.ave.day.tif.png inserted.
Wed Dec  6 21:23:49 2017
 -> fy4a_agri_ndisk_1047_l2_sst_20170820.ave.day.tif inserted.
Wed Dec  6 21:23:49 2017
 -> fy4a_agri_ndisk_1047_l2_sst_20170820.ave.day.tif.png inserted.
Wed Dec  6 21:24:52 2017
 -> fy4a_agri_ndisk_1047_l2_sst_20170613.ave.day.tif inserted.
Wed Dec  6 21:24:52 2017
 -> fy4a_agri_ndisk_1047_l2_sst_20170613.ave.day.tif.png inserted.
Wed Dec  6 21:25:50 2017
 -> fy4a_agri_ndisk_1047_l2_sst_20170811.ave.day.tif inserted.
Wed Dec  6 21:25:50 2017
 -> fy4a_agri_ndisk_1047_l2_sst_20170811.ave.day.tif.png inserted.
Wed Dec  6 21:26:54 2017
 -> fy4a_agri_ndisk_1047_l2_sst_20171009.ave.day.tif inserted.
Wed Dec  6 21:26:54 2017
 -> fy4a_agri_ndisk_1047_l2_sst_20171009.ave.day.tif.png inserted.
Wed Dec  6 21:27:53 2017
 -> fy4a_agri_ndisk_1047_l2_sst_20170910.ave.day.tif inserted.
Wed Dec  6 21:27:53 2017
 -> fy4a_agri_ndisk_1047_l2_sst_20170910.ave.day.tif.png inserted.
Wed Dec  6 21:28:57 2017
 -> fy4a_agri_ndisk_1047_l2_sst_20171014.ave.day.tif inserted.
Wed Dec  6 21:28:57 2017
 -> fy4a_agri_ndisk_1047_l2_sst_20171014.ave.day.tif.png inserted.
Wed Dec  6 21:29:55 2017
 -> fy4a_agri_ndisk_1047_l2_sst_20171005.ave.day.tif inserted.
Wed Dec  6 21:29:55 2017
 -> fy4a_agri_ndisk_1047_l2_sst_20171005.ave.day.tif.png inserted.
Wed Dec  6 21:30:59 2017
 -> fy4a_agri_ndisk_1047_l2_sst_20170923.ave.day.tif inserted.
Wed Dec  6 21:30:59 2017
 -> fy4a_agri_ndisk_1047_l2_sst_20170923.ave.day.tif.png inserted.
Wed Dec  6 21:31:55 2017
 -> fy4a_agri_ndisk_1047_l2_sst_20170527.ave.day.tif inserted.
Wed Dec  6 21:31:55 2017
 -> fy4a_agri_ndisk_1047_l2_sst_20170527.ave.day.tif.png inserted.
Wed Dec  6 21:32:59 2017
 -> fy4a_agri_ndisk_1047_l2_sst_20170608.ave.day.tif inserted.
Wed Dec  6 21:32:59 2017
 -> fy4a_agri_ndisk_1047_l2_sst_20170608.ave.day.tif.png inserted.
Wed Dec  6 21:33:59 2017
 -> fy4a_agri_ndisk_1047_l2_sst_20170806.ave.day.tif inserted.
Wed Dec  6 21:33:59 2017
 -> fy4a_agri_ndisk_1047_l2_sst_20170806.ave.day.tif.png inserted.
Wed Dec  6 21:34:59 2017
 -> fy4a_agri_ndisk_1047_l2_sst_20170626.ave.day.tif inserted.
Wed Dec  6 21:34:59 2017
 -> fy4a_agri_ndisk_1047_l2_sst_20170626.ave.day.tif.png inserted.
Wed Dec  6 21:36:00 2017
 -> fy4a_agri_ndisk_1047_l2_sst_20170905.ave.day.tif inserted.
Wed Dec  6 21:36:00 2017
 -> fy4a_agri_ndisk_1047_l2_sst_20170905.ave.day.tif.png inserted.
Wed Dec  6 21:37:02 2017
 -> fy4a_agri_ndisk_1047_l2_sst_20170824.ave.day.tif inserted.
Wed Dec  6 21:37:02 2017
 -> fy4a_agri_ndisk_1047_l2_sst_20170824.ave.day.tif.png inserted.
Wed Dec  6 21:38:05 2017
 -> fy4a_agri_ndisk_1047_l2_sst_20170617.ave.day.tif inserted.
Wed Dec  6 21:38:05 2017
 -> fy4a_agri_ndisk_1047_l2_sst_20170617.ave.day.tif.png inserted.
Wed Dec  6 21:39:04 2017
 -> fy4a_agri_ndisk_1047_l2_sst_20170815.ave.day.tif inserted.
Wed Dec  6 21:39:04 2017
 -> fy4a_agri_ndisk_1047_l2_sst_20170815.ave.day.tif.png inserted.
Wed Dec  6 21:40:06 2017
 -> fy4a_agri_ndisk_1047_l2_sst_20170914.ave.day.tif inserted.
Wed Dec  6 21:40:06 2017
 -> fy4a_agri_ndisk_1047_l2_sst_20170914.ave.day.tif.png inserted.
Wed Dec  6 21:41:06 2017
 -> fy4a_agri_ndisk_1047_l2_sst_20171012.ave.day.tif inserted.
Wed Dec  6 21:41:06 2017
 -> fy4a_agri_ndisk_1047_l2_sst_20171012.ave.day.tif.png inserted.
Wed Dec  6 21:42:06 2017
 -> fy4a_agri_ndisk_1047_l2_sst_20171003.ave.day.tif inserted.
Wed Dec  6 21:42:06 2017
 -> fy4a_agri_ndisk_1047_l2_sst_20171003.ave.day.tif.png inserted.
Wed Dec  6 21:43:07 2017
 -> fy4a_agri_ndisk_1047_l2_sst_20170929.ave.day.tif inserted.
Wed Dec  6 21:43:07 2017
 -> fy4a_agri_ndisk_1047_l2_sst_20170929.ave.day.tif.png inserted.
Wed Dec  6 21:44:08 2017
 -> fy4a_agri_ndisk_1047_l2_sst_20170921.ave.day.tif inserted.
Wed Dec  6 21:44:08 2017
 -> fy4a_agri_ndisk_1047_l2_sst_20170921.ave.day.tif.png inserted.
Wed Dec  6 21:45:09 2017
 -> fy4a_agri_ndisk_1047_l2_sst_20170822.ave.day.tif inserted.
Wed Dec  6 21:45:09 2017
 -> fy4a_agri_ndisk_1047_l2_sst_20170822.ave.day.tif.png inserted.
Wed Dec  6 21:46:10 2017
 -> fy4a_agri_ndisk_1047_l2_sst_20170903.ave.day.tif inserted.
Wed Dec  6 21:46:10 2017
 -> fy4a_agri_ndisk_1047_l2_sst_20170903.ave.day.tif.png inserted.
Wed Dec  6 21:47:11 2017
 -> fy4a_agri_ndisk_1047_l2_sst_20170930.ave.day.tif inserted.
Wed Dec  6 21:47:11 2017
 -> fy4a_agri_ndisk_1047_l2_sst_20170930.ave.day.tif.png inserted.
Wed Dec  6 21:48:09 2017
 -> fy4a_agri_ndisk_1047_l2_sst_20170831.ave.day.tif inserted.
Wed Dec  6 21:48:09 2017
 -> fy4a_agri_ndisk_1047_l2_sst_20170831.ave.day.tif.png inserted.
Wed Dec  6 21:49:06 2017
 -> fy4a_agri_ndisk_1047_l2_sst_20170912.ave.day.tif inserted.
Wed Dec  6 21:49:06 2017
 -> fy4a_agri_ndisk_1047_l2_sst_20170912.ave.day.tif.png inserted.
Wed Dec  6 21:50:01 2017
 -> fy4a_agri_ndisk_1047_l2_sst_20170602.ave.day.tif inserted.
Wed Dec  6 21:50:01 2017
 -> fy4a_agri_ndisk_1047_l2_sst_20170602.ave.day.tif.png inserted.
Wed Dec  6 21:51:00 2017
 -> fy4a_agri_ndisk_1047_l2_sst_20171016.ave.day.tif inserted.
Wed Dec  6 21:51:00 2017
 -> fy4a_agri_ndisk_1047_l2_sst_20171016.ave.day.tif.png inserted.
Wed Dec  6 21:51:58 2017
 -> fy4a_agri_ndisk_1047_l2_sst_20170620.ave.day.tif inserted.
Wed Dec  6 21:51:58 2017
 -> fy4a_agri_ndisk_1047_l2_sst_20170620.ave.day.tif.png inserted.
Wed Dec  6 21:52:58 2017
 -> fy4a_agri_ndisk_1047_l2_sst_20170611.ave.day.tif inserted.
Wed Dec  6 21:52:58 2017
 -> fy4a_agri_ndisk_1047_l2_sst_20170611.ave.day.tif.png inserted.
Wed Dec  6 21:53:56 2017
 -> fy4a_agri_ndisk_1047_l2_sst_20171007.ave.day.tif inserted.
Wed Dec  6 21:53:56 2017
 -> fy4a_agri_ndisk_1047_l2_sst_20171007.ave.day.tif.png inserted.
Wed Dec  6 21:54:59 2017
 -> fy4a_agri_ndisk_1047_l2_sst_20170925.ave.day.tif inserted.
Wed Dec  6 21:54:59 2017
 -> fy4a_agri_ndisk_1047_l2_sst_20170925.ave.day.tif.png inserted.
Wed Dec  6 21:56:00 2017
 -> fy4a_agri_ndisk_1047_l2_sst_20170808.ave.day.tif inserted.
Wed Dec  6 21:56:00 2017
 -> fy4a_agri_ndisk_1047_l2_sst_20170808.ave.day.tif.png inserted.
Wed Dec  6 21:57:02 2017
 -> fy4a_agri_ndisk_1047_l2_sst_20170628.ave.day.tif inserted.
Wed Dec  6 21:57:02 2017
 -> fy4a_agri_ndisk_1047_l2_sst_20170628.ave.day.tif.png inserted.
Wed Dec  6 21:58:03 2017
 -> fy4a_agri_ndisk_1047_l2_sst_20170826.ave.day.tif inserted.
Wed Dec  6 21:58:03 2017
 -> fy4a_agri_ndisk_1047_l2_sst_20170826.ave.day.tif.png inserted.
Wed Dec  6 21:59:06 2017
 -> fy4a_agri_ndisk_1047_l2_sst_20170907.ave.day.tif inserted.
Wed Dec  6 21:59:06 2017
 -> fy4a_agri_ndisk_1047_l2_sst_20170907.ave.day.tif.png inserted.
Wed Dec  6 22:00:06 2017
 -> fy4a_agri_ndisk_1047_l2_sst_20170619.ave.day.tif inserted.
Wed Dec  6 22:00:06 2017
 -> fy4a_agri_ndisk_1047_l2_sst_20170619.ave.day.tif.png inserted.
Wed Dec  6 22:01:06 2017
 -> fy4a_agri_ndisk_1047_l2_sst_20170817.ave.day.tif inserted.
Wed Dec  6 22:01:06 2017
 -> fy4a_agri_ndisk_1047_l2_sst_20170817.ave.day.tif.png inserted.
