2017-12-08 22:32:55 start processing ...
2017-12-08 22:32:55 All files count: 48
2017-12-08 22:32:55 Number of files exists from 20171201 to 20171202:2
2017-12-08 22:32:56 Accessable files count 2 from 20171201 to 20171202.
2017-12-08 22:32:56 pixel range x0,x1,y0,y1:1999,2501,1874,2376
2017-12-08 22:32:56 xspace  1
2017-12-08 22:32:56 yspace  1
2017-12-08 22:32:56 processing  0
2017-12-08 22:32:56 processing  1
2017-12-08 22:35:49 start processing ...
2017-12-08 22:35:50 All files count: 48
2017-12-08 22:35:50 Number of files exists from 20171201 to 20171202:2
2017-12-08 22:35:50 Accessable files count 2 from 20171201 to 20171202.
2017-12-08 22:35:50 pixel range x0,x1,y0,y1:1999,2501,1874,2376
2017-12-08 22:35:50 xspace  1
2017-12-08 22:35:50 yspace  1
2017-12-08 22:35:50 processing  0
2017-12-08 22:35:50 processing  1
2017-12-08 22:39:04 start processing ...
2017-12-08 22:39:04 All files count: 48
2017-12-08 22:39:04 Number of files exists from 20171201 to 20171202:2
2017-12-08 22:39:04 Accessable files count 2 from 20171201 to 20171202.
2017-12-08 22:39:04 pixel range x0,x1,y0,y1:1999,2501,1874,2376
2017-12-08 22:39:04 xspace  1
2017-12-08 22:39:04 yspace  1
2017-12-08 22:39:04 processing  0
2017-12-08 22:39:04 processing  1
2017-12-08 22:40:59 start processing ...
2017-12-08 22:41:00 All files count: 48
2017-12-08 22:41:00 Number of files exists from 20171201 to 20171202:2
2017-12-08 22:41:00 Accessable files count 2 from 20171201 to 20171202.
2017-12-08 22:41:00 pixel range x0,x1,y0,y1:1999,2501,1874,2376
2017-12-08 22:41:00 xspace  1
2017-12-08 22:41:00 yspace  1
2017-12-08 22:41:00 processing  0
2017-12-08 22:41:00 processing  1
2017-12-08 22:41:44 start processing ...
2017-12-08 22:41:44 All files count: 48
2017-12-08 22:41:44 Number of files exists from 20171201 to 20171202:2
2017-12-08 22:41:44 Accessable files count 2 from 20171201 to 20171202.
2017-12-08 22:41:44 pixel range x0,x1,y0,y1:1999,2501,1874,2376
2017-12-08 22:41:44 xspace  1
2017-12-08 22:41:44 yspace  1
2017-12-08 22:41:44 processing  0
2017-12-08 22:41:44 processing  1
