2017-12-07 12:36:40 start processing ...
2017-12-07 12:36:40 All files count: 48
2017-12-07 12:36:40 Number of files exists from 20170818 to 20170821:3
2017-12-07 12:36:40 Accessable files count 3 from 20170818 to 20170821.
2017-12-07 12:36:40 pixel range x0,x1,y0,y1:1249,3251,624,2626
2017-12-07 12:36:40 xspace  2
2017-12-07 12:36:40 yspace  2
2017-12-07 12:36:40 processing  0
2017-12-07 12:36:40 processing  1
2017-12-07 12:36:40 processing  2
2017-12-07 12:39:08 start processing ...
2017-12-07 12:39:08 All files count: 63
2017-12-07 12:39:08 Number of files exists from 20170818 to 20170821:4
2017-12-07 12:39:08 Accessable files count 4 from 20170818 to 20170821.
2017-12-07 12:39:08 pixel range x0,x1,y0,y1:1249,3251,624,2626
2017-12-07 12:39:08 xspace  2
2017-12-07 12:39:08 yspace  2
2017-12-07 12:39:08 processing  0
2017-12-07 12:39:08 processing  1
2017-12-07 12:39:08 processing  2
2017-12-07 12:39:08 processing  3
2017-12-07 12:39:52 start processing ...
2017-12-07 12:39:52 All files count: 68
2017-12-07 12:39:52 Number of files exists from 20170818 to 20170821:4
2017-12-07 12:39:52 Accessable files count 4 from 20170818 to 20170821.
2017-12-07 12:39:52 pixel range x0,x1,y0,y1:1249,3251,624,2626
2017-12-07 12:39:53 xspace  2
2017-12-07 12:39:53 yspace  2
2017-12-07 12:39:53 processing  0
2017-12-07 12:39:53 processing  1
2017-12-07 12:39:53 processing  2
2017-12-07 12:39:53 processing  3
2017-12-07 12:42:12 start processing ...
2017-12-07 12:42:13 All files count: 82
2017-12-07 12:42:13 Number of files exists from 20170818 to 20170821:4
2017-12-07 12:42:13 Accessable files count 4 from 20170818 to 20170821.
2017-12-07 12:42:13 pixel range x0,x1,y0,y1:1249,3251,624,2626
2017-12-07 12:42:13 xspace  2
2017-12-07 12:42:13 yspace  2
2017-12-07 12:42:13 processing  0
2017-12-07 12:42:14 processing  1
2017-12-07 12:42:14 processing  2
2017-12-07 12:42:14 processing  3
2017-12-07 12:43:06 start processing ...
2017-12-07 12:43:06 All files count: 88
2017-12-07 12:43:06 Number of files exists from 20170818 to 20170821:4
2017-12-07 12:43:06 Accessable files count 4 from 20170818 to 20170821.
2017-12-07 12:43:06 pixel range x0,x1,y0,y1:1249,3251,624,2626
2017-12-07 12:43:06 xspace  2
2017-12-07 12:43:06 yspace  2
2017-12-07 12:43:06 processing  0
2017-12-07 12:43:07 processing  1
2017-12-07 12:43:07 processing  2
2017-12-07 12:43:07 processing  3
2017-12-07 12:43:47 start processing ...
2017-12-07 12:43:47 All files count: 92
2017-12-07 12:43:47 Number of files exists from 20170818 to 20170821:4
2017-12-07 12:43:47 Accessable files count 4 from 20170818 to 20170821.
2017-12-07 12:43:47 pixel range x0,x1,y0,y1:1249,3251,624,2626
2017-12-07 12:43:47 xspace  2
2017-12-07 12:43:47 yspace  2
2017-12-07 12:43:47 processing  0
2017-12-07 12:43:47 processing  1
2017-12-07 12:43:47 processing  2
2017-12-07 12:43:48 processing  3
2017-12-07 12:44:52 start processing ...
2017-12-07 12:44:52 All files count: 98
2017-12-07 12:44:52 Number of files exists from 20170818 to 20170821:4
2017-12-07 12:44:52 Accessable files count 4 from 20170818 to 20170821.
2017-12-07 12:44:52 pixel range x0,x1,y0,y1:2249,2501,1874,2376
2017-12-07 12:44:53 xspace  1
2017-12-07 12:44:53 yspace  1
2017-12-07 12:44:53 processing  0
2017-12-07 12:44:53 processing  1
2017-12-07 12:44:53 processing  2
2017-12-07 12:44:53 processing  3
2017-12-07 12:45:51 start processing ...
2017-12-07 12:45:51 All files count: 101
2017-12-07 12:45:51 Number of files exists from 20170818 to 20170821:4
2017-12-07 12:45:51 Accessable files count 4 from 20170818 to 20170821.
2017-12-07 12:45:51 pixel range x0,x1,y0,y1:1999,2501,1874,2376
2017-12-07 12:45:51 xspace  1
2017-12-07 12:45:51 yspace  1
2017-12-07 12:45:51 processing  0
2017-12-07 12:45:51 processing  1
2017-12-07 12:45:51 processing  2
2017-12-07 12:45:51 processing  3
