2017-12-05 10:27:07 start processing ...
2017-12-05 10:27:10 All files count: 1717
2017-12-05 10:27:11 Number of files exists from 20170301 to 20170801:14
2017-12-05 10:27:11 Accessable files count 14 from 20170301 to 20170801.
2017-12-05 10:27:11 pixel range x0,x1,y0,y1:4999,7001,599,3001
2017-12-05 10:27:11 xspace  2
2017-12-05 10:27:11 yspace  2
2017-12-05 10:27:11 processing  0
2017-12-05 10:27:12 processing  1
2017-12-05 10:27:12 processing  2
2017-12-05 10:27:15 processing  3
2017-12-05 10:27:16 processing  4
2017-12-05 10:27:18 processing  5
2017-12-05 10:27:19 processing  6
2017-12-05 10:27:20 processing  7
2017-12-05 10:27:21 processing  8
2017-12-05 10:27:22 processing  9
2017-12-05 10:27:22 processing  10
2017-12-05 10:27:23 processing  11
2017-12-05 10:27:24 processing  12
2017-12-05 10:27:24 processing  13
2017-12-05 10:28:15 start processing ...
2017-12-05 10:28:15 All files count: 4
2017-12-05 10:28:16 Number of files exists from 20170301 to 20170801:4
2017-12-05 10:28:16 Accessable files count 4 from 20170301 to 20170801.
2017-12-05 10:28:16 pixel range x0,x1,y0,y1:24998,35000,0,4999
2017-12-05 10:28:16 xspace  10
2017-12-05 10:28:16 yspace  5
2017-12-05 10:29:17 start processing ...
2017-12-05 10:29:17 All files count: 4
2017-12-05 10:29:17 Number of files exists from 20170301 to 20170801:4
2017-12-05 10:29:17 Accessable files count 4 from 20170301 to 20170801.
2017-12-05 10:29:17 pixel range x0,x1,y0,y1:27998,30000,1998,4000
2017-12-05 10:29:17 xspace  2
2017-12-05 10:29:17 yspace  2
2017-12-05 10:29:17 processing  0
2017-12-05 10:29:19 processing  1
2017-12-05 10:29:19 processing  2
2017-12-05 10:29:20 processing  3
