2017-12-07 15:06:26 start processing ...
2017-12-07 15:07:04 start processing ...
2017-12-07 15:07:04 All files count: 25
2017-12-07 15:07:04 Number of files exists from 20170821 to 20170821:1
2017-12-07 15:07:04 Accessable files count 1 from 20170821 to 20170821.
2017-12-07 15:07:04 pixel range x0,x1,y0,y1:1999,2501,1874,2376
2017-12-07 15:07:04 xspace  1
2017-12-07 15:07:04 yspace  1
2017-12-07 15:07:04 processing  0
2017-12-07 15:07:22 start processing ...
2017-12-07 15:07:22 All files count: 27
2017-12-07 15:07:22 Number of files exists from 20170821 to 20170821:1
2017-12-07 15:07:22 Accessable files count 1 from 20170821 to 20170821.
2017-12-07 15:07:22 pixel range x0,x1,y0,y1:1999,2501,1874,2376
2017-12-07 15:07:22 xspace  1
2017-12-07 15:07:22 yspace  1
2017-12-07 15:07:22 processing  0
2017-12-07 15:09:06 start processing ...
2017-12-07 15:09:07 All files count: 39
2017-12-07 15:09:07 Number of files exists from 20170821 to 20170821:1
2017-12-07 15:09:07 Accessable files count 1 from 20170821 to 20170821.
2017-12-07 15:09:07 pixel range x0,x1,y0,y1:1999,2501,1874,2376
2017-12-07 15:09:07 xspace  1
2017-12-07 15:09:07 yspace  1
2017-12-07 15:09:07 processing  0
2017-12-07 15:11:04 start processing ...
2017-12-07 15:11:04 All files count: 48
2017-12-07 15:11:04 Number of files exists from 20170821 to 20170821:1
2017-12-07 15:11:04 Accessable files count 1 from 20170821 to 20170821.
2017-12-07 15:11:04 pixel range x0,x1,y0,y1:1999,2501,1874,2376
2017-12-07 15:11:04 xspace  1
2017-12-07 15:11:04 yspace  1
2017-12-07 15:11:04 processing  0
2017-12-07 15:12:17 start processing ...
2017-12-07 15:12:17 All files count: 48
2017-12-07 15:12:17 Number of files exists from 20170821 to 20170821:1
2017-12-07 15:12:17 Accessable files count 1 from 20170821 to 20170821.
2017-12-07 15:12:17 pixel range x0,x1,y0,y1:1999,2501,1874,2376
2017-12-07 15:12:17 xspace  1
2017-12-07 15:12:17 yspace  1
2017-12-07 15:12:17 processing  0
2017-12-07 15:16:36 start processing ...
2017-12-07 15:16:36 All files count: 48
2017-12-07 15:16:36 Number of files exists from 20170821 to 20170821:1
2017-12-07 15:16:36 Accessable files count 1 from 20170821 to 20170821.
2017-12-07 15:16:36 pixel range x0,x1,y0,y1:1999,2501,1874,2376
2017-12-07 15:16:36 xspace  1
2017-12-07 15:16:36 yspace  1
2017-12-07 15:16:36 processing  0
